{"/Users/maykr/Developer/MISC/mayson-editor/src/lib/csv/index.ts": {"path":"/Users/maykr/Developer/MISC/mayson-editor/src/lib/csv/index.ts","statementMap":{"0":{"start":{"line":30,"column":20},"end":{"line":30,"column":null}},"1":{"start":{"line":33,"column":21},"end":{"line":33,"column":null}},"2":{"start":{"line":34,"column":17},"end":{"line":34,"column":null}},"3":{"start":{"line":35,"column":17},"end":{"line":35,"column":null}},"4":{"start":{"line":37,"column":2},"end":{"line":43,"column":null}},"5":{"start":{"line":38,"column":10},"end":{"line":38,"column":null}},"6":{"start":{"line":39,"column":4},"end":{"line":42,"column":null}},"7":{"start":{"line":40,"column":6},"end":{"line":40,"column":null}},"8":{"start":{"line":41,"column":6},"end":{"line":41,"column":null}},"9":{"start":{"line":45,"column":2},"end":{"line":45,"column":null}},"10":{"start":{"line":57,"column":6},"end":{"line":57,"column":null}},"11":{"start":{"line":59,"column":16},"end":{"line":59,"column":null}},"12":{"start":{"line":60,"column":30},"end":{"line":60,"column":null}},"13":{"start":{"line":62,"column":2},"end":{"line":67,"column":null}},"14":{"start":{"line":63,"column":4},"end":{"line":63,"column":null}},"15":{"start":{"line":63,"column":46},"end":{"line":63,"column":null}},"16":{"start":{"line":65,"column":16},"end":{"line":65,"column":null}},"17":{"start":{"line":66,"column":4},"end":{"line":66,"column":null}},"18":{"start":{"line":69,"column":2},"end":{"line":71,"column":null}},"19":{"start":{"line":70,"column":4},"end":{"line":70,"column":null}},"20":{"start":{"line":74,"column":18},"end":{"line":76,"column":null}},"21":{"start":{"line":75,"column":44},"end":{"line":75,"column":72}},"22":{"start":{"line":76,"column":32},"end":{"line":76,"column":48}},"23":{"start":{"line":79,"column":42},"end":{"line":93,"column":null}},"24":{"start":{"line":80,"column":41},"end":{"line":80,"column":null}},"25":{"start":{"line":81,"column":4},"end":{"line":91,"column":null}},"26":{"start":{"line":81,"column":17},"end":{"line":81,"column":20}},"27":{"start":{"line":82,"column":21},"end":{"line":82,"column":null}},"28":{"start":{"line":83,"column":6},"end":{"line":83,"column":null}},"29":{"start":{"line":83,"column":32},"end":{"line":83,"column":null}},"30":{"start":{"line":84,"column":27},"end":{"line":84,"column":null}},"31":{"start":{"line":86,"column":6},"end":{"line":88,"column":null}},"32":{"start":{"line":87,"column":8},"end":{"line":87,"column":null}},"33":{"start":{"line":90,"column":6},"end":{"line":90,"column":null}},"34":{"start":{"line":92,"column":4},"end":{"line":92,"column":null}},"35":{"start":{"line":95,"column":2},"end":{"line":95,"column":null}},"36":{"start":{"line":102,"column":27},"end":{"line":102,"column":null}},"37":{"start":{"line":103,"column":16},"end":{"line":103,"column":null}},"38":{"start":{"line":104,"column":17},"end":{"line":104,"column":null}},"39":{"start":{"line":106,"column":2},"end":{"line":133,"column":null}},"40":{"start":{"line":106,"column":15},"end":{"line":106,"column":18}},"41":{"start":{"line":107,"column":17},"end":{"line":107,"column":null}},"42":{"start":{"line":108,"column":21},"end":{"line":108,"column":null}},"43":{"start":{"line":110,"column":4},"end":{"line":132,"column":null}},"44":{"start":{"line":111,"column":6},"end":{"line":120,"column":null}},"45":{"start":{"line":113,"column":8},"end":{"line":113,"column":null}},"46":{"start":{"line":114,"column":8},"end":{"line":114,"column":null}},"47":{"start":{"line":115,"column":6},"end":{"line":120,"column":null}},"48":{"start":{"line":117,"column":8},"end":{"line":117,"column":null}},"49":{"start":{"line":119,"column":8},"end":{"line":119,"column":null}},"50":{"start":{"line":122,"column":6},"end":{"line":131,"column":null}},"51":{"start":{"line":124,"column":8},"end":{"line":124,"column":null}},"52":{"start":{"line":125,"column":6},"end":{"line":131,"column":null}},"53":{"start":{"line":127,"column":8},"end":{"line":127,"column":null}},"54":{"start":{"line":128,"column":8},"end":{"line":128,"column":null}},"55":{"start":{"line":130,"column":8},"end":{"line":130,"column":null}},"56":{"start":{"line":136,"column":2},"end":{"line":136,"column":null}},"57":{"start":{"line":138,"column":2},"end":{"line":138,"column":null}},"58":{"start":{"line":145,"column":18},"end":{"line":145,"column":null}},"59":{"start":{"line":148,"column":2},"end":{"line":148,"column":null}},"60":{"start":{"line":148,"column":22},"end":{"line":148,"column":null}},"61":{"start":{"line":151,"column":2},"end":{"line":151,"column":null}},"62":{"start":{"line":151,"column":40},"end":{"line":151,"column":null}},"63":{"start":{"line":154,"column":2},"end":{"line":154,"column":null}},"64":{"start":{"line":154,"column":40},"end":{"line":154,"column":null}},"65":{"start":{"line":155,"column":2},"end":{"line":155,"column":null}},"66":{"start":{"line":155,"column":41},"end":{"line":155,"column":null}},"67":{"start":{"line":158,"column":2},"end":{"line":161,"column":null}},"68":{"start":{"line":159,"column":16},"end":{"line":159,"column":null}},"69":{"start":{"line":160,"column":4},"end":{"line":160,"column":null}},"70":{"start":{"line":160,"column":21},"end":{"line":160,"column":null}},"71":{"start":{"line":164,"column":2},"end":{"line":171,"column":null}},"72":{"start":{"line":166,"column":4},"end":{"line":170,"column":null}},"73":{"start":{"line":167,"column":6},"end":{"line":167,"column":null}},"74":{"start":{"line":173,"column":2},"end":{"line":173,"column":null}},"75":{"start":{"line":188,"column":6},"end":{"line":188,"column":null}},"76":{"start":{"line":190,"column":2},"end":{"line":192,"column":null}},"77":{"start":{"line":191,"column":4},"end":{"line":191,"column":null}},"78":{"start":{"line":195,"column":15},"end":{"line":195,"column":null}},"79":{"start":{"line":196,"column":2},"end":{"line":203,"column":null}},"80":{"start":{"line":197,"column":4},"end":{"line":202,"column":null}},"81":{"start":{"line":198,"column":24},"end":{"line":200,"column":null}},"82":{"start":{"line":201,"column":6},"end":{"line":201,"column":null}},"83":{"start":{"line":201,"column":42},"end":{"line":201,"column":53}},"84":{"start":{"line":205,"column":18},"end":{"line":205,"column":null}},"85":{"start":{"line":206,"column":26},"end":{"line":206,"column":null}},"86":{"start":{"line":209,"column":2},"end":{"line":211,"column":null}},"87":{"start":{"line":210,"column":4},"end":{"line":210,"column":null}},"88":{"start":{"line":210,"column":32},"end":{"line":210,"column":60}},"89":{"start":{"line":214,"column":2},"end":{"line":230,"column":null}},"90":{"start":{"line":215,"column":4},"end":{"line":229,"column":null}},"91":{"start":{"line":216,"column":24},"end":{"line":218,"column":null}},"92":{"start":{"line":220,"column":18},"end":{"line":223,"column":null}},"93":{"start":{"line":221,"column":22},"end":{"line":221,"column":null}},"94":{"start":{"line":222,"column":8},"end":{"line":222,"column":null}},"95":{"start":{"line":225,"column":6},"end":{"line":225,"column":null}},"96":{"start":{"line":228,"column":6},"end":{"line":228,"column":null}},"97":{"start":{"line":232,"column":2},"end":{"line":232,"column":null}},"98":{"start":{"line":242,"column":42},"end":{"line":242,"column":null}},"99":{"start":{"line":244,"column":2},"end":{"line":252,"column":null}},"100":{"start":{"line":245,"column":19},"end":{"line":245,"column":null}},"101":{"start":{"line":247,"column":4},"end":{"line":251,"column":null}},"102":{"start":{"line":248,"column":6},"end":{"line":248,"column":null}},"103":{"start":{"line":250,"column":6},"end":{"line":250,"column":null}},"104":{"start":{"line":254,"column":2},"end":{"line":254,"column":null}},"105":{"start":{"line":261,"column":2},"end":{"line":263,"column":null}},"106":{"start":{"line":262,"column":4},"end":{"line":262,"column":null}},"107":{"start":{"line":265,"column":2},"end":{"line":267,"column":null}},"108":{"start":{"line":266,"column":4},"end":{"line":266,"column":null}},"109":{"start":{"line":269,"column":2},"end":{"line":271,"column":null}},"110":{"start":{"line":270,"column":4},"end":{"line":270,"column":null}},"111":{"start":{"line":273,"column":2},"end":{"line":278,"column":null}},"112":{"start":{"line":274,"column":4},"end":{"line":276,"column":null}},"113":{"start":{"line":275,"column":6},"end":{"line":275,"column":null}},"114":{"start":{"line":275,"column":28},"end":{"line":275,"column":57}},"115":{"start":{"line":277,"column":4},"end":{"line":277,"column":null}},"116":{"start":{"line":280,"column":2},"end":{"line":282,"column":null}},"117":{"start":{"line":281,"column":4},"end":{"line":281,"column":null}},"118":{"start":{"line":284,"column":2},"end":{"line":284,"column":null}},"119":{"start":{"line":292,"column":2},"end":{"line":295,"column":null}},"120":{"start":{"line":294,"column":4},"end":{"line":294,"column":null}},"121":{"start":{"line":296,"column":2},"end":{"line":296,"column":null}},"122":{"start":{"line":303,"column":16},"end":{"line":303,"column":null}},"123":{"start":{"line":304,"column":2},"end":{"line":304,"column":null}},"124":{"start":{"line":304,"column":24},"end":{"line":304,"column":null}},"125":{"start":{"line":306,"column":20},"end":{"line":306,"column":null}},"126":{"start":{"line":307,"column":26},"end":{"line":307,"column":null}},"127":{"start":{"line":308,"column":27},"end":{"line":308,"column":null}},"128":{"start":{"line":311,"column":2},"end":{"line":311,"column":null}}},"fnMap":{"0":{"name":"detectDelimiter","decl":{"start":{"line":29,"column":16},"end":{"line":29,"column":32}},"loc":{"start":{"line":29,"column":57},"end":{"line":46,"column":null}},"line":29},"1":{"name":"parseCsv","decl":{"start":{"line":51,"column":16},"end":{"line":51,"column":25}},"loc":{"start":{"line":51,"column":84},"end":{"line":96,"column":null}},"line":51},"2":{"name":"(anonymous_2)","decl":{"start":{"line":75,"column":34},"end":{"line":75,"column":35}},"loc":{"start":{"line":75,"column":44},"end":{"line":75,"column":72}},"line":75},"3":{"name":"(anonymous_3)","decl":{"start":{"line":76,"column":22},"end":{"line":76,"column":23}},"loc":{"start":{"line":76,"column":32},"end":{"line":76,"column":48}},"line":76},"4":{"name":"(anonymous_4)","decl":{"start":{"line":79,"column":54},"end":{"line":79,"column":61}},"loc":{"start":{"line":79,"column":61},"end":{"line":93,"column":3}},"line":79},"5":{"name":"parseCsvLine","decl":{"start":{"line":101,"column":9},"end":{"line":101,"column":22}},"loc":{"start":{"line":101,"column":65},"end":{"line":139,"column":null}},"line":101},"6":{"name":"inferType","decl":{"start":{"line":144,"column":9},"end":{"line":144,"column":19}},"loc":{"start":{"line":144,"column":43},"end":{"line":174,"column":null}},"line":144},"7":{"name":"stringifyCsv","decl":{"start":{"line":179,"column":16},"end":{"line":179,"column":null}},"loc":{"start":{"line":182,"column":10},"end":{"line":233,"column":null}},"line":182},"8":{"name":"(anonymous_8)","decl":{"start":{"line":201,"column":37},"end":{"line":201,"column":42}},"loc":{"start":{"line":201,"column":42},"end":{"line":201,"column":53}},"line":201},"9":{"name":"(anonymous_9)","decl":{"start":{"line":210,"column":27},"end":{"line":210,"column":32}},"loc":{"start":{"line":210,"column":32},"end":{"line":210,"column":60}},"line":210},"10":{"name":"(anonymous_10)","decl":{"start":{"line":220,"column":30},"end":{"line":220,"column":40}},"loc":{"start":{"line":220,"column":40},"end":{"line":223,"column":7}},"line":220},"11":{"name":"flattenObject","decl":{"start":{"line":238,"column":9},"end":{"line":238,"column":null}},"loc":{"start":{"line":241,"column":27},"end":{"line":255,"column":null}},"line":241},"12":{"name":"formatValue","decl":{"start":{"line":260,"column":9},"end":{"line":260,"column":21}},"loc":{"start":{"line":260,"column":69},"end":{"line":285,"column":null}},"line":260},"13":{"name":"(anonymous_13)","decl":{"start":{"line":275,"column":23},"end":{"line":275,"column":28}},"loc":{"start":{"line":275,"column":28},"end":{"line":275,"column":57}},"line":275},"14":{"name":"escapeCsvField","decl":{"start":{"line":290,"column":9},"end":{"line":290,"column":24}},"loc":{"start":{"line":290,"column":66},"end":{"line":297,"column":null}},"line":290},"15":{"name":"looksLikeCsv","decl":{"start":{"line":302,"column":16},"end":{"line":302,"column":29}},"loc":{"start":{"line":302,"column":55},"end":{"line":312,"column":null}},"line":302}},"branchMap":{"0":{"loc":{"start":{"line":30,"column":20},"end":{"line":30,"column":null}},"type":"binary-expr","locations":[{"start":{"line":30,"column":20},"end":{"line":30,"column":46}},{"start":{"line":30,"column":46},"end":{"line":30,"column":null}}],"line":30},"1":{"loc":{"start":{"line":38,"column":19},"end":{"line":38,"column":69}},"type":"binary-expr","locations":[{"start":{"line":38,"column":19},"end":{"line":38,"column":65}},{"start":{"line":38,"column":65},"end":{"line":38,"column":69}}],"line":38},"2":{"loc":{"start":{"line":39,"column":4},"end":{"line":42,"column":null}},"type":"if","locations":[{"start":{"line":39,"column":4},"end":{"line":42,"column":null}},{"start":{},"end":{}}],"line":39},"3":{"loc":{"start":{"line":51,"column":42},"end":{"line":51,"column":84}},"type":"default-arg","locations":[{"start":{"line":51,"column":69},"end":{"line":51,"column":84}}],"line":51},"4":{"loc":{"start":{"line":53,"column":4},"end":{"line":53,"column":null}},"type":"default-arg","locations":[{"start":{"line":53,"column":16},"end":{"line":53,"column":null}}],"line":53},"5":{"loc":{"start":{"line":54,"column":4},"end":{"line":54,"column":null}},"type":"default-arg","locations":[{"start":{"line":54,"column":16},"end":{"line":54,"column":null}}],"line":54},"6":{"loc":{"start":{"line":55,"column":4},"end":{"line":55,"column":null}},"type":"default-arg","locations":[{"start":{"line":55,"column":17},"end":{"line":55,"column":null}}],"line":55},"7":{"loc":{"start":{"line":56,"column":4},"end":{"line":56,"column":null}},"type":"default-arg","locations":[{"start":{"line":56,"column":21},"end":{"line":56,"column":null}}],"line":56},"8":{"loc":{"start":{"line":63,"column":4},"end":{"line":63,"column":null}},"type":"if","locations":[{"start":{"line":63,"column":4},"end":{"line":63,"column":null}},{"start":{},"end":{}}],"line":63},"9":{"loc":{"start":{"line":63,"column":8},"end":{"line":63,"column":46}},"type":"binary-expr","locations":[{"start":{"line":63,"column":8},"end":{"line":63,"column":26}},{"start":{"line":63,"column":26},"end":{"line":63,"column":46}}],"line":63},"10":{"loc":{"start":{"line":69,"column":2},"end":{"line":71,"column":null}},"type":"if","locations":[{"start":{"line":69,"column":2},"end":{"line":71,"column":null}},{"start":{},"end":{}}],"line":69},"11":{"loc":{"start":{"line":74,"column":18},"end":{"line":76,"column":null}},"type":"cond-expr","locations":[{"start":{"line":74,"column":18},"end":{"line":75,"column":null}},{"start":{"line":76,"column":6},"end":{"line":76,"column":null}}],"line":74},"12":{"loc":{"start":{"line":75,"column":7},"end":{"line":75,"column":30}},"type":"binary-expr","locations":[{"start":{"line":75,"column":7},"end":{"line":75,"column":26}},{"start":{"line":75,"column":26},"end":{"line":75,"column":30}}],"line":75},"13":{"loc":{"start":{"line":75,"column":44},"end":{"line":75,"column":72}},"type":"binary-expr","locations":[{"start":{"line":75,"column":44},"end":{"line":75,"column":56}},{"start":{"line":75,"column":56},"end":{"line":75,"column":72}}],"line":75},"14":{"loc":{"start":{"line":76,"column":6},"end":{"line":76,"column":null}},"type":"binary-expr","locations":[{"start":{"line":76,"column":6},"end":{"line":76,"column":53}},{"start":{"line":76,"column":53},"end":{"line":76,"column":null}}],"line":76},"15":{"loc":{"start":{"line":83,"column":6},"end":{"line":83,"column":null}},"type":"if","locations":[{"start":{"line":83,"column":6},"end":{"line":83,"column":null}},{"start":{},"end":{}}],"line":83},"16":{"loc":{"start":{"line":84,"column":27},"end":{"line":84,"column":null}},"type":"binary-expr","locations":[{"start":{"line":84,"column":27},"end":{"line":84,"column":37}},{"start":{"line":84,"column":37},"end":{"line":84,"column":null}}],"line":84},"17":{"loc":{"start":{"line":86,"column":6},"end":{"line":88,"column":null}},"type":"if","locations":[{"start":{"line":86,"column":6},"end":{"line":88,"column":null}},{"start":{},"end":{}}],"line":86},"18":{"loc":{"start":{"line":110,"column":4},"end":{"line":132,"column":null}},"type":"if","locations":[{"start":{"line":110,"column":4},"end":{"line":132,"column":null}},{"start":{"line":121,"column":11},"end":{"line":132,"column":null}}],"line":110},"19":{"loc":{"start":{"line":111,"column":6},"end":{"line":120,"column":null}},"type":"if","locations":[{"start":{"line":111,"column":6},"end":{"line":120,"column":null}},{"start":{"line":115,"column":6},"end":{"line":120,"column":null}}],"line":111},"20":{"loc":{"start":{"line":111,"column":10},"end":{"line":111,"column":44}},"type":"binary-expr","locations":[{"start":{"line":111,"column":10},"end":{"line":111,"column":26}},{"start":{"line":111,"column":26},"end":{"line":111,"column":44}}],"line":111},"21":{"loc":{"start":{"line":115,"column":6},"end":{"line":120,"column":null}},"type":"if","locations":[{"start":{"line":115,"column":6},"end":{"line":120,"column":null}},{"start":{"line":118,"column":13},"end":{"line":120,"column":null}}],"line":115},"22":{"loc":{"start":{"line":122,"column":6},"end":{"line":131,"column":null}},"type":"if","locations":[{"start":{"line":122,"column":6},"end":{"line":131,"column":null}},{"start":{"line":125,"column":6},"end":{"line":131,"column":null}}],"line":122},"23":{"loc":{"start":{"line":125,"column":6},"end":{"line":131,"column":null}},"type":"if","locations":[{"start":{"line":125,"column":6},"end":{"line":131,"column":null}},{"start":{"line":129,"column":13},"end":{"line":131,"column":null}}],"line":125},"24":{"loc":{"start":{"line":148,"column":2},"end":{"line":148,"column":null}},"type":"if","locations":[{"start":{"line":148,"column":2},"end":{"line":148,"column":null}},{"start":{},"end":{}}],"line":148},"25":{"loc":{"start":{"line":151,"column":2},"end":{"line":151,"column":null}},"type":"if","locations":[{"start":{"line":151,"column":2},"end":{"line":151,"column":null}},{"start":{},"end":{}}],"line":151},"26":{"loc":{"start":{"line":154,"column":2},"end":{"line":154,"column":null}},"type":"if","locations":[{"start":{"line":154,"column":2},"end":{"line":154,"column":null}},{"start":{},"end":{}}],"line":154},"27":{"loc":{"start":{"line":155,"column":2},"end":{"line":155,"column":null}},"type":"if","locations":[{"start":{"line":155,"column":2},"end":{"line":155,"column":null}},{"start":{},"end":{}}],"line":155},"28":{"loc":{"start":{"line":158,"column":2},"end":{"line":161,"column":null}},"type":"if","locations":[{"start":{"line":158,"column":2},"end":{"line":161,"column":null}},{"start":{},"end":{}}],"line":158},"29":{"loc":{"start":{"line":160,"column":4},"end":{"line":160,"column":null}},"type":"if","locations":[{"start":{"line":160,"column":4},"end":{"line":160,"column":null}},{"start":{},"end":{}}],"line":160},"30":{"loc":{"start":{"line":164,"column":2},"end":{"line":171,"column":null}},"type":"if","locations":[{"start":{"line":164,"column":2},"end":{"line":171,"column":null}},{"start":{},"end":{}}],"line":164},"31":{"loc":{"start":{"line":164,"column":7},"end":{"line":165,"column":58}},"type":"binary-expr","locations":[{"start":{"line":164,"column":7},"end":{"line":164,"column":34}},{"start":{"line":164,"column":34},"end":{"line":164,"column":null}},{"start":{"line":165,"column":7},"end":{"line":165,"column":34}},{"start":{"line":165,"column":34},"end":{"line":165,"column":58}}],"line":164},"32":{"loc":{"start":{"line":181,"column":2},"end":{"line":181,"column":null}},"type":"default-arg","locations":[{"start":{"line":181,"column":33},"end":{"line":181,"column":null}}],"line":181},"33":{"loc":{"start":{"line":184,"column":4},"end":{"line":184,"column":null}},"type":"default-arg","locations":[{"start":{"line":184,"column":16},"end":{"line":184,"column":null}}],"line":184},"34":{"loc":{"start":{"line":185,"column":4},"end":{"line":185,"column":null}},"type":"default-arg","locations":[{"start":{"line":185,"column":20},"end":{"line":185,"column":null}}],"line":185},"35":{"loc":{"start":{"line":186,"column":4},"end":{"line":186,"column":null}},"type":"default-arg","locations":[{"start":{"line":186,"column":21},"end":{"line":186,"column":null}}],"line":186},"36":{"loc":{"start":{"line":187,"column":4},"end":{"line":187,"column":null}},"type":"default-arg","locations":[{"start":{"line":187,"column":20},"end":{"line":187,"column":null}}],"line":187},"37":{"loc":{"start":{"line":190,"column":2},"end":{"line":192,"column":null}},"type":"if","locations":[{"start":{"line":190,"column":2},"end":{"line":192,"column":null}},{"start":{},"end":{}}],"line":190},"38":{"loc":{"start":{"line":190,"column":6},"end":{"line":190,"column":49}},"type":"binary-expr","locations":[{"start":{"line":190,"column":6},"end":{"line":190,"column":30}},{"start":{"line":190,"column":30},"end":{"line":190,"column":49}}],"line":190},"39":{"loc":{"start":{"line":197,"column":4},"end":{"line":202,"column":null}},"type":"if","locations":[{"start":{"line":197,"column":4},"end":{"line":202,"column":null}},{"start":{},"end":{}}],"line":197},"40":{"loc":{"start":{"line":197,"column":8},"end":{"line":197,"column":66}},"type":"binary-expr","locations":[{"start":{"line":197,"column":8},"end":{"line":197,"column":16}},{"start":{"line":197,"column":16},"end":{"line":197,"column":44}},{"start":{"line":197,"column":44},"end":{"line":197,"column":66}}],"line":197},"41":{"loc":{"start":{"line":198,"column":24},"end":{"line":200,"column":null}},"type":"cond-expr","locations":[{"start":{"line":199,"column":10},"end":{"line":199,"column":null}},{"start":{"line":200,"column":10},"end":{"line":200,"column":null}}],"line":198},"42":{"loc":{"start":{"line":209,"column":2},"end":{"line":211,"column":null}},"type":"if","locations":[{"start":{"line":209,"column":2},"end":{"line":211,"column":null}},{"start":{},"end":{}}],"line":209},"43":{"loc":{"start":{"line":215,"column":4},"end":{"line":229,"column":null}},"type":"if","locations":[{"start":{"line":215,"column":4},"end":{"line":229,"column":null}},{"start":{"line":226,"column":11},"end":{"line":229,"column":null}}],"line":215},"44":{"loc":{"start":{"line":215,"column":8},"end":{"line":215,"column":66}},"type":"binary-expr","locations":[{"start":{"line":215,"column":8},"end":{"line":215,"column":16}},{"start":{"line":215,"column":16},"end":{"line":215,"column":44}},{"start":{"line":215,"column":44},"end":{"line":215,"column":66}}],"line":215},"45":{"loc":{"start":{"line":216,"column":24},"end":{"line":218,"column":null}},"type":"cond-expr","locations":[{"start":{"line":217,"column":10},"end":{"line":217,"column":null}},{"start":{"line":218,"column":10},"end":{"line":218,"column":null}}],"line":216},"46":{"loc":{"start":{"line":240,"column":2},"end":{"line":240,"column":null}},"type":"default-arg","locations":[{"start":{"line":240,"column":11},"end":{"line":240,"column":null}}],"line":240},"47":{"loc":{"start":{"line":245,"column":19},"end":{"line":245,"column":null}},"type":"cond-expr","locations":[{"start":{"line":245,"column":28},"end":{"line":245,"column":49}},{"start":{"line":245,"column":49},"end":{"line":245,"column":null}}],"line":245},"48":{"loc":{"start":{"line":247,"column":4},"end":{"line":251,"column":null}},"type":"if","locations":[{"start":{"line":247,"column":4},"end":{"line":251,"column":null}},{"start":{"line":249,"column":11},"end":{"line":251,"column":null}}],"line":247},"49":{"loc":{"start":{"line":247,"column":8},"end":{"line":247,"column":69}},"type":"binary-expr","locations":[{"start":{"line":247,"column":8},"end":{"line":247,"column":17}},{"start":{"line":247,"column":17},"end":{"line":247,"column":46}},{"start":{"line":247,"column":46},"end":{"line":247,"column":69}}],"line":247},"50":{"loc":{"start":{"line":261,"column":2},"end":{"line":263,"column":null}},"type":"if","locations":[{"start":{"line":261,"column":2},"end":{"line":263,"column":null}},{"start":{},"end":{}}],"line":261},"51":{"loc":{"start":{"line":261,"column":6},"end":{"line":261,"column":45}},"type":"binary-expr","locations":[{"start":{"line":261,"column":6},"end":{"line":261,"column":24}},{"start":{"line":261,"column":24},"end":{"line":261,"column":45}}],"line":261},"52":{"loc":{"start":{"line":265,"column":2},"end":{"line":267,"column":null}},"type":"if","locations":[{"start":{"line":265,"column":2},"end":{"line":267,"column":null}},{"start":{},"end":{}}],"line":265},"53":{"loc":{"start":{"line":269,"column":2},"end":{"line":271,"column":null}},"type":"if","locations":[{"start":{"line":269,"column":2},"end":{"line":271,"column":null}},{"start":{},"end":{}}],"line":269},"54":{"loc":{"start":{"line":269,"column":6},"end":{"line":269,"column":63}},"type":"binary-expr","locations":[{"start":{"line":269,"column":6},"end":{"line":269,"column":35}},{"start":{"line":269,"column":35},"end":{"line":269,"column":63}}],"line":269},"55":{"loc":{"start":{"line":273,"column":2},"end":{"line":278,"column":null}},"type":"if","locations":[{"start":{"line":273,"column":2},"end":{"line":278,"column":null}},{"start":{},"end":{}}],"line":273},"56":{"loc":{"start":{"line":274,"column":4},"end":{"line":276,"column":null}},"type":"if","locations":[{"start":{"line":274,"column":4},"end":{"line":276,"column":null}},{"start":{},"end":{}}],"line":274},"57":{"loc":{"start":{"line":280,"column":2},"end":{"line":282,"column":null}},"type":"if","locations":[{"start":{"line":280,"column":2},"end":{"line":282,"column":null}},{"start":{},"end":{}}],"line":280},"58":{"loc":{"start":{"line":292,"column":2},"end":{"line":295,"column":null}},"type":"if","locations":[{"start":{"line":292,"column":2},"end":{"line":295,"column":null}},{"start":{},"end":{}}],"line":292},"59":{"loc":{"start":{"line":292,"column":6},"end":{"line":292,"column":104}},"type":"binary-expr","locations":[{"start":{"line":292,"column":6},"end":{"line":292,"column":29}},{"start":{"line":292,"column":29},"end":{"line":292,"column":58}},{"start":{"line":292,"column":58},"end":{"line":292,"column":82}},{"start":{"line":292,"column":82},"end":{"line":292,"column":104}}],"line":292},"60":{"loc":{"start":{"line":304,"column":2},"end":{"line":304,"column":null}},"type":"if","locations":[{"start":{"line":304,"column":2},"end":{"line":304,"column":null}},{"start":{},"end":{}}],"line":304},"61":{"loc":{"start":{"line":307,"column":39},"end":{"line":307,"column":55}},"type":"binary-expr","locations":[{"start":{"line":307,"column":39},"end":{"line":307,"column":51}},{"start":{"line":307,"column":51},"end":{"line":307,"column":55}}],"line":307},"62":{"loc":{"start":{"line":308,"column":40},"end":{"line":308,"column":56}},"type":"binary-expr","locations":[{"start":{"line":308,"column":40},"end":{"line":308,"column":52}},{"start":{"line":308,"column":52},"end":{"line":308,"column":56}}],"line":308},"63":{"loc":{"start":{"line":311,"column":9},"end":{"line":311,"column":null}},"type":"binary-expr","locations":[{"start":{"line":311,"column":9},"end":{"line":311,"column":32}},{"start":{"line":311,"column":32},"end":{"line":311,"column":null}}],"line":311}},"s":{"0":29,"1":29,"2":29,"3":29,"4":29,"5":116,"6":116,"7":16,"8":16,"9":29,"10":19,"11":19,"12":19,"13":19,"14":49,"15":3,"16":46,"17":46,"18":19,"19":1,"20":18,"21":25,"22":2,"23":19,"24":29,"25":29,"26":29,"27":39,"28":39,"29":0,"30":39,"31":39,"32":37,"33":39,"34":29,"35":19,"36":54,"37":54,"38":54,"39":54,"40":54,"41":319,"42":319,"43":319,"44":50,"45":2,"46":2,"47":48,"48":3,"49":45,"50":269,"51":5,"52":264,"53":28,"54":28,"55":236,"56":54,"57":54,"58":37,"59":37,"60":3,"61":34,"62":2,"63":32,"64":2,"65":30,"66":1,"67":29,"68":13,"69":13,"70":13,"71":16,"72":0,"73":0,"74":16,"75":14,"76":14,"77":1,"78":13,"79":13,"80":16,"81":16,"82":16,"83":21,"84":13,"85":13,"86":13,"87":12,"88":17,"89":13,"90":16,"91":16,"92":16,"93":26,"94":26,"95":16,"96":0,"97":13,"98":32,"99":32,"100":42,"101":42,"102":2,"103":40,"104":32,"105":29,"106":6,"107":23,"108":10,"109":13,"110":10,"111":3,"112":2,"113":1,"114":3,"115":1,"116":1,"117":1,"118":0,"119":43,"120":4,"121":39,"122":6,"123":6,"124":2,"125":4,"126":4,"127":6,"128":6},"f":{"0":29,"1":19,"2":25,"3":2,"4":29,"5":54,"6":37,"7":14,"8":21,"9":17,"10":26,"11":32,"12":29,"13":3,"14":43,"15":6},"b":{"0":[29,0],"1":[116,99],"2":[16,100],"3":[19],"4":[19],"5":[19],"6":[19],"7":[19],"8":[3,46],"9":[49,46],"10":[1,18],"11":[17,1],"12":[17,0],"13":[25,1],"14":[1,0],"15":[0,39],"16":[39,0],"17":[37,2],"18":[50,269],"19":[2,48],"20":[50,5],"21":[3,45],"22":[5,264],"23":[28,236],"24":[3,34],"25":[2,32],"26":[2,30],"27":[1,29],"28":[13,16],"29":[13,0],"30":[0,16],"31":[16,0,16,0],"32":[14],"33":[14],"34":[14],"35":[14],"36":[14],"37":[1,13],"38":[14,14],"39":[16,0],"40":[16,16,16],"41":[15,1],"42":[12,1],"43":[16,0],"44":[16,16,16],"45":[15,1],"46":[32],"47":[2,40],"48":[2,40],"49":[42,38,6],"50":[6,23],"51":[29,28],"52":[10,13],"53":[10,3],"54":[13,5],"55":[2,1],"56":[1,1],"57":[1,0],"58":[4,39],"59":[43,40,39,39],"60":[2,4],"61":[4,0],"62":[6,0],"63":[6,3]},"meta":{"lastBranch":64,"lastFunction":16,"lastStatement":129,"seen":{"f:29:16:29:32":0,"s:30:20:30:Infinity":0,"b:30:20:30:46:30:46:30:Infinity":0,"s:33:21:33:Infinity":1,"s:34:17:34:Infinity":2,"s:35:17:35:Infinity":3,"s:37:2:43:Infinity":4,"s:38:10:38:Infinity":5,"b:38:19:38:65:38:65:38:69":1,"b:39:4:42:Infinity:undefined:undefined:undefined:undefined":2,"s:39:4:42:Infinity":6,"s:40:6:40:Infinity":7,"s:41:6:41:Infinity":8,"s:45:2:45:Infinity":9,"f:51:16:51:25":1,"b:51:69:51:84":3,"s:57:6:57:Infinity":10,"b:53:16:53:Infinity":4,"b:54:16:54:Infinity":5,"b:55:17:55:Infinity":6,"b:56:21:56:Infinity":7,"s:59:16:59:Infinity":11,"s:60:30:60:Infinity":12,"s:62:2:67:Infinity":13,"b:63:4:63:Infinity:undefined:undefined:undefined:undefined":8,"s:63:4:63:Infinity":14,"b:63:8:63:26:63:26:63:46":9,"s:63:46:63:Infinity":15,"s:65:16:65:Infinity":16,"s:66:4:66:Infinity":17,"b:69:2:71:Infinity:undefined:undefined:undefined:undefined":10,"s:69:2:71:Infinity":18,"s:70:4:70:Infinity":19,"s:74:18:76:Infinity":20,"b:74:18:75:Infinity:76:6:76:Infinity":11,"b:75:7:75:26:75:26:75:30":12,"f:75:34:75:35":2,"s:75:44:75:72":21,"b:75:44:75:56:75:56:75:72":13,"b:76:6:76:53:76:53:76:Infinity":14,"f:76:22:76:23":3,"s:76:32:76:48":22,"s:79:42:93:Infinity":23,"f:79:54:79:61":4,"s:80:41:80:Infinity":24,"s:81:4:91:Infinity":25,"s:81:17:81:20":26,"s:82:21:82:Infinity":27,"b:83:6:83:Infinity:undefined:undefined:undefined:undefined":15,"s:83:6:83:Infinity":28,"s:83:32:83:Infinity":29,"s:84:27:84:Infinity":30,"b:84:27:84:37:84:37:84:Infinity":16,"b:86:6:88:Infinity:undefined:undefined:undefined:undefined":17,"s:86:6:88:Infinity":31,"s:87:8:87:Infinity":32,"s:90:6:90:Infinity":33,"s:92:4:92:Infinity":34,"s:95:2:95:Infinity":35,"f:101:9:101:22":5,"s:102:27:102:Infinity":36,"s:103:16:103:Infinity":37,"s:104:17:104:Infinity":38,"s:106:2:133:Infinity":39,"s:106:15:106:18":40,"s:107:17:107:Infinity":41,"s:108:21:108:Infinity":42,"b:110:4:132:Infinity:121:11:132:Infinity":18,"s:110:4:132:Infinity":43,"b:111:6:120:Infinity:115:6:120:Infinity":19,"s:111:6:120:Infinity":44,"b:111:10:111:26:111:26:111:44":20,"s:113:8:113:Infinity":45,"s:114:8:114:Infinity":46,"b:115:6:120:Infinity:118:13:120:Infinity":21,"s:115:6:120:Infinity":47,"s:117:8:117:Infinity":48,"s:119:8:119:Infinity":49,"b:122:6:131:Infinity:125:6:131:Infinity":22,"s:122:6:131:Infinity":50,"s:124:8:124:Infinity":51,"b:125:6:131:Infinity:129:13:131:Infinity":23,"s:125:6:131:Infinity":52,"s:127:8:127:Infinity":53,"s:128:8:128:Infinity":54,"s:130:8:130:Infinity":55,"s:136:2:136:Infinity":56,"s:138:2:138:Infinity":57,"f:144:9:144:19":6,"s:145:18:145:Infinity":58,"b:148:2:148:Infinity:undefined:undefined:undefined:undefined":24,"s:148:2:148:Infinity":59,"s:148:22:148:Infinity":60,"b:151:2:151:Infinity:undefined:undefined:undefined:undefined":25,"s:151:2:151:Infinity":61,"s:151:40:151:Infinity":62,"b:154:2:154:Infinity:undefined:undefined:undefined:undefined":26,"s:154:2:154:Infinity":63,"s:154:40:154:Infinity":64,"b:155:2:155:Infinity:undefined:undefined:undefined:undefined":27,"s:155:2:155:Infinity":65,"s:155:41:155:Infinity":66,"b:158:2:161:Infinity:undefined:undefined:undefined:undefined":28,"s:158:2:161:Infinity":67,"s:159:16:159:Infinity":68,"b:160:4:160:Infinity:undefined:undefined:undefined:undefined":29,"s:160:4:160:Infinity":69,"s:160:21:160:Infinity":70,"b:164:2:171:Infinity:undefined:undefined:undefined:undefined":30,"s:164:2:171:Infinity":71,"b:164:7:164:34:164:34:164:Infinity:165:7:165:34:165:34:165:58":31,"s:166:4:170:Infinity":72,"s:167:6:167:Infinity":73,"s:173:2:173:Infinity":74,"f:179:16:179:Infinity":7,"b:181:33:181:Infinity":32,"s:188:6:188:Infinity":75,"b:184:16:184:Infinity":33,"b:185:20:185:Infinity":34,"b:186:21:186:Infinity":35,"b:187:20:187:Infinity":36,"b:190:2:192:Infinity:undefined:undefined:undefined:undefined":37,"s:190:2:192:Infinity":76,"b:190:6:190:30:190:30:190:49":38,"s:191:4:191:Infinity":77,"s:195:15:195:Infinity":78,"s:196:2:203:Infinity":79,"b:197:4:202:Infinity:undefined:undefined:undefined:undefined":39,"s:197:4:202:Infinity":80,"b:197:8:197:16:197:16:197:44:197:44:197:66":40,"s:198:24:200:Infinity":81,"b:199:10:199:Infinity:200:10:200:Infinity":41,"s:201:6:201:Infinity":82,"f:201:37:201:42":8,"s:201:42:201:53":83,"s:205:18:205:Infinity":84,"s:206:26:206:Infinity":85,"b:209:2:211:Infinity:undefined:undefined:undefined:undefined":42,"s:209:2:211:Infinity":86,"s:210:4:210:Infinity":87,"f:210:27:210:32":9,"s:210:32:210:60":88,"s:214:2:230:Infinity":89,"b:215:4:229:Infinity:226:11:229:Infinity":43,"s:215:4:229:Infinity":90,"b:215:8:215:16:215:16:215:44:215:44:215:66":44,"s:216:24:218:Infinity":91,"b:217:10:217:Infinity:218:10:218:Infinity":45,"s:220:18:223:Infinity":92,"f:220:30:220:40":10,"s:221:22:221:Infinity":93,"s:222:8:222:Infinity":94,"s:225:6:225:Infinity":95,"s:228:6:228:Infinity":96,"s:232:2:232:Infinity":97,"f:238:9:238:Infinity":11,"b:240:11:240:Infinity":46,"s:242:42:242:Infinity":98,"s:244:2:252:Infinity":99,"s:245:19:245:Infinity":100,"b:245:28:245:49:245:49:245:Infinity":47,"b:247:4:251:Infinity:249:11:251:Infinity":48,"s:247:4:251:Infinity":101,"b:247:8:247:17:247:17:247:46:247:46:247:69":49,"s:248:6:248:Infinity":102,"s:250:6:250:Infinity":103,"s:254:2:254:Infinity":104,"f:260:9:260:21":12,"b:261:2:263:Infinity:undefined:undefined:undefined:undefined":50,"s:261:2:263:Infinity":105,"b:261:6:261:24:261:24:261:45":51,"s:262:4:262:Infinity":106,"b:265:2:267:Infinity:undefined:undefined:undefined:undefined":52,"s:265:2:267:Infinity":107,"s:266:4:266:Infinity":108,"b:269:2:271:Infinity:undefined:undefined:undefined:undefined":53,"s:269:2:271:Infinity":109,"b:269:6:269:35:269:35:269:63":54,"s:270:4:270:Infinity":110,"b:273:2:278:Infinity:undefined:undefined:undefined:undefined":55,"s:273:2:278:Infinity":111,"b:274:4:276:Infinity:undefined:undefined:undefined:undefined":56,"s:274:4:276:Infinity":112,"s:275:6:275:Infinity":113,"f:275:23:275:28":13,"s:275:28:275:57":114,"s:277:4:277:Infinity":115,"b:280:2:282:Infinity:undefined:undefined:undefined:undefined":57,"s:280:2:282:Infinity":116,"s:281:4:281:Infinity":117,"s:284:2:284:Infinity":118,"f:290:9:290:24":14,"b:292:2:295:Infinity:undefined:undefined:undefined:undefined":58,"s:292:2:295:Infinity":119,"b:292:6:292:29:292:29:292:58:292:58:292:82:292:82:292:104":59,"s:294:4:294:Infinity":120,"s:296:2:296:Infinity":121,"f:302:16:302:29":15,"s:303:16:303:Infinity":122,"b:304:2:304:Infinity:undefined:undefined:undefined:undefined":60,"s:304:2:304:Infinity":123,"s:304:24:304:Infinity":124,"s:306:20:306:Infinity":125,"s:307:26:307:Infinity":126,"b:307:39:307:51:307:51:307:55":61,"s:308:27:308:Infinity":127,"b:308:40:308:52:308:52:308:56":62,"s:311:2:311:Infinity":128,"b:311:9:311:32:311:32:311:Infinity":63}}}
,"/Users/maykr/Developer/MISC/mayson-editor/src/lib/diff/index.ts": {"path":"/Users/maykr/Developer/MISC/mayson-editor/src/lib/diff/index.ts","statementMap":{},"fnMap":{},"branchMap":{},"s":{},"f":{},"b":{},"meta":{"lastBranch":0,"lastFunction":0,"lastStatement":0,"seen":{}}}
,"/Users/maykr/Developer/MISC/mayson-editor/src/lib/diff/jsonDiff.ts": {"path":"/Users/maykr/Developer/MISC/mayson-editor/src/lib/diff/jsonDiff.ts","statementMap":{"0":{"start":{"line":26,"column":29},"end":{"line":26,"column":null}},"1":{"start":{"line":29,"column":2},"end":{"line":31,"column":null}},"2":{"start":{"line":30,"column":4},"end":{"line":30,"column":null}},"3":{"start":{"line":34,"column":18},"end":{"line":34,"column":null}},"4":{"start":{"line":35,"column":18},"end":{"line":35,"column":null}},"5":{"start":{"line":37,"column":2},"end":{"line":45,"column":null}},"6":{"start":{"line":38,"column":4},"end":{"line":43,"column":null}},"7":{"start":{"line":44,"column":4},"end":{"line":44,"column":null}},"8":{"start":{"line":48,"column":2},"end":{"line":81,"column":null}},"9":{"start":{"line":49,"column":19},"end":{"line":49,"column":null}},"10":{"start":{"line":50,"column":19},"end":{"line":50,"column":null}},"11":{"start":{"line":51,"column":20},"end":{"line":51,"column":null}},"12":{"start":{"line":53,"column":4},"end":{"line":78,"column":null}},"13":{"start":{"line":54,"column":22},"end":{"line":54,"column":null}},"14":{"start":{"line":56,"column":6},"end":{"line":77,"column":null}},"15":{"start":{"line":58,"column":8},"end":{"line":62,"column":null}},"16":{"start":{"line":63,"column":6},"end":{"line":77,"column":null}},"17":{"start":{"line":65,"column":8},"end":{"line":69,"column":null}},"18":{"start":{"line":72,"column":23},"end":{"line":72,"column":null}},"19":{"start":{"line":73,"column":23},"end":{"line":73,"column":null}},"20":{"start":{"line":74,"column":8},"end":{"line":76,"column":null}},"21":{"start":{"line":75,"column":10},"end":{"line":75,"column":null}},"22":{"start":{"line":80,"column":4},"end":{"line":80,"column":null}},"23":{"start":{"line":84,"column":2},"end":{"line":117,"column":null}},"24":{"start":{"line":85,"column":19},"end":{"line":85,"column":null}},"25":{"start":{"line":86,"column":19},"end":{"line":86,"column":null}},"26":{"start":{"line":87,"column":19},"end":{"line":87,"column":null}},"27":{"start":{"line":89,"column":4},"end":{"line":114,"column":null}},"28":{"start":{"line":89,"column":17},"end":{"line":89,"column":20}},"29":{"start":{"line":90,"column":24},"end":{"line":90,"column":null}},"30":{"start":{"line":92,"column":6},"end":{"line":113,"column":null}},"31":{"start":{"line":94,"column":8},"end":{"line":98,"column":null}},"32":{"start":{"line":99,"column":6},"end":{"line":113,"column":null}},"33":{"start":{"line":101,"column":8},"end":{"line":105,"column":null}},"34":{"start":{"line":108,"column":24},"end":{"line":108,"column":null}},"35":{"start":{"line":109,"column":24},"end":{"line":109,"column":null}},"36":{"start":{"line":110,"column":8},"end":{"line":112,"column":null}},"37":{"start":{"line":111,"column":10},"end":{"line":111,"column":null}},"38":{"start":{"line":116,"column":4},"end":{"line":116,"column":null}},"39":{"start":{"line":120,"column":2},"end":{"line":125,"column":null}},"40":{"start":{"line":127,"column":2},"end":{"line":127,"column":null}},"41":{"start":{"line":134,"column":2},"end":{"line":134,"column":null}},"42":{"start":{"line":134,"column":22},"end":{"line":134,"column":null}},"43":{"start":{"line":135,"column":2},"end":{"line":135,"column":null}},"44":{"start":{"line":135,"column":28},"end":{"line":135,"column":null}},"45":{"start":{"line":136,"column":2},"end":{"line":136,"column":null}},"46":{"start":{"line":143,"column":19},"end":{"line":143,"column":null}},"47":{"start":{"line":144,"column":19},"end":{"line":144,"column":null}},"48":{"start":{"line":145,"column":29},"end":{"line":145,"column":null}},"49":{"start":{"line":148,"column":14},"end":{"line":148,"column":null}},"50":{"start":{"line":150,"column":15},"end":{"line":150,"column":null}},"51":{"start":{"line":151,"column":15},"end":{"line":151,"column":null}},"52":{"start":{"line":152,"column":16},"end":{"line":152,"column":null}},"53":{"start":{"line":154,"column":2},"end":{"line":194,"column":null}},"54":{"start":{"line":155,"column":35},"end":{"line":155,"column":null}},"55":{"start":{"line":158,"column":4},"end":{"line":168,"column":null}},"56":{"start":{"line":159,"column":19},"end":{"line":159,"column":null}},"57":{"start":{"line":160,"column":6},"end":{"line":166,"column":null}},"58":{"start":{"line":161,"column":8},"end":{"line":165,"column":null}},"59":{"start":{"line":167,"column":6},"end":{"line":167,"column":null}},"60":{"start":{"line":171,"column":4},"end":{"line":181,"column":null}},"61":{"start":{"line":172,"column":19},"end":{"line":172,"column":null}},"62":{"start":{"line":173,"column":6},"end":{"line":179,"column":null}},"63":{"start":{"line":174,"column":8},"end":{"line":178,"column":null}},"64":{"start":{"line":180,"column":6},"end":{"line":180,"column":null}},"65":{"start":{"line":184,"column":26},"end":{"line":184,"column":null}},"66":{"start":{"line":185,"column":4},"end":{"line":191,"column":null}},"67":{"start":{"line":186,"column":6},"end":{"line":190,"column":null}},"68":{"start":{"line":192,"column":4},"end":{"line":192,"column":null}},"69":{"start":{"line":193,"column":4},"end":{"line":193,"column":null}},"70":{"start":{"line":197,"column":2},"end":{"line":207,"column":null}},"71":{"start":{"line":198,"column":17},"end":{"line":198,"column":null}},"72":{"start":{"line":199,"column":4},"end":{"line":205,"column":null}},"73":{"start":{"line":200,"column":6},"end":{"line":204,"column":null}},"74":{"start":{"line":206,"column":4},"end":{"line":206,"column":null}},"75":{"start":{"line":210,"column":2},"end":{"line":220,"column":null}},"76":{"start":{"line":211,"column":17},"end":{"line":211,"column":null}},"77":{"start":{"line":212,"column":4},"end":{"line":218,"column":null}},"78":{"start":{"line":213,"column":6},"end":{"line":217,"column":null}},"79":{"start":{"line":219,"column":4},"end":{"line":219,"column":null}},"80":{"start":{"line":222,"column":2},"end":{"line":222,"column":null}},"81":{"start":{"line":232,"column":12},"end":{"line":232,"column":null}},"82":{"start":{"line":233,"column":12},"end":{"line":233,"column":null}},"83":{"start":{"line":236,"column":25},"end":{"line":238,"column":null}},"84":{"start":{"line":238,"column":15},"end":{"line":238,"column":47}},"85":{"start":{"line":241,"column":2},"end":{"line":253,"column":null}},"86":{"start":{"line":241,"column":15},"end":{"line":241,"column":18}},"87":{"start":{"line":242,"column":4},"end":{"line":252,"column":null}},"88":{"start":{"line":242,"column":17},"end":{"line":242,"column":20}},"89":{"start":{"line":243,"column":22},"end":{"line":243,"column":null}},"90":{"start":{"line":244,"column":22},"end":{"line":244,"column":null}},"91":{"start":{"line":245,"column":6},"end":{"line":245,"column":null}},"92":{"start":{"line":245,"column":32},"end":{"line":245,"column":null}},"93":{"start":{"line":247,"column":6},"end":{"line":251,"column":null}},"94":{"start":{"line":248,"column":8},"end":{"line":248,"column":null}},"95":{"start":{"line":250,"column":8},"end":{"line":250,"column":null}},"96":{"start":{"line":256,"column":42},"end":{"line":256,"column":null}},"97":{"start":{"line":257,"column":10},"end":{"line":257,"column":null}},"98":{"start":{"line":258,"column":10},"end":{"line":258,"column":null}},"99":{"start":{"line":260,"column":2},"end":{"line":274,"column":null}},"100":{"start":{"line":261,"column":20},"end":{"line":261,"column":null}},"101":{"start":{"line":262,"column":20},"end":{"line":262,"column":null}},"102":{"start":{"line":263,"column":4},"end":{"line":263,"column":null}},"103":{"start":{"line":263,"column":30},"end":{"line":263,"column":null}},"104":{"start":{"line":265,"column":4},"end":{"line":273,"column":null}},"105":{"start":{"line":266,"column":6},"end":{"line":266,"column":null}},"106":{"start":{"line":267,"column":6},"end":{"line":267,"column":null}},"107":{"start":{"line":268,"column":6},"end":{"line":268,"column":null}},"108":{"start":{"line":269,"column":4},"end":{"line":273,"column":null}},"109":{"start":{"line":270,"column":6},"end":{"line":270,"column":null}},"110":{"start":{"line":272,"column":6},"end":{"line":272,"column":null}},"111":{"start":{"line":276,"column":2},"end":{"line":276,"column":null}},"112":{"start":{"line":283,"column":2},"end":{"line":292,"column":null}},"113":{"start":{"line":285,"column":6},"end":{"line":285,"column":null}},"114":{"start":{"line":287,"column":6},"end":{"line":287,"column":null}},"115":{"start":{"line":289,"column":6},"end":{"line":289,"column":null}},"116":{"start":{"line":291,"column":6},"end":{"line":291,"column":null}},"117":{"start":{"line":304,"column":2},"end":{"line":309,"column":null}},"118":{"start":{"line":305,"column":29},"end":{"line":305,"column":47}},"119":{"start":{"line":306,"column":31},"end":{"line":306,"column":51}},"120":{"start":{"line":307,"column":31},"end":{"line":307,"column":51}}},"fnMap":{"0":{"name":"diffJson","decl":{"start":{"line":21,"column":16},"end":{"line":21,"column":null}},"loc":{"start":{"line":25,"column":15},"end":{"line":128,"column":null}},"line":25},"1":{"name":"getType","decl":{"start":{"line":133,"column":9},"end":{"line":133,"column":17}},"loc":{"start":{"line":133,"column":43},"end":{"line":137,"column":null}},"line":133},"2":{"name":"diffLines","decl":{"start":{"line":142,"column":16},"end":{"line":142,"column":26}},"loc":{"start":{"line":142,"column":72},"end":{"line":223,"column":null}},"line":142},"3":{"name":"longestCommonSubsequence","decl":{"start":{"line":228,"column":9},"end":{"line":228,"column":null}},"loc":{"start":{"line":231,"column":27},"end":{"line":277,"column":null}},"line":231},"4":{"name":"(anonymous_4)","decl":{"start":{"line":238,"column":9},"end":{"line":238,"column":15}},"loc":{"start":{"line":238,"column":15},"end":{"line":238,"column":47}},"line":238},"5":{"name":"formatDiffEntry","decl":{"start":{"line":282,"column":16},"end":{"line":282,"column":32}},"loc":{"start":{"line":282,"column":58},"end":{"line":293,"column":null}},"line":282},"6":{"name":"getDiffSummary","decl":{"start":{"line":298,"column":16},"end":{"line":298,"column":31}},"loc":{"start":{"line":303,"column":2},"end":{"line":310,"column":null}},"line":303},"7":{"name":"(anonymous_7)","decl":{"start":{"line":305,"column":24},"end":{"line":305,"column":29}},"loc":{"start":{"line":305,"column":29},"end":{"line":305,"column":47}},"line":305},"8":{"name":"(anonymous_8)","decl":{"start":{"line":306,"column":26},"end":{"line":306,"column":31}},"loc":{"start":{"line":306,"column":31},"end":{"line":306,"column":51}},"line":306},"9":{"name":"(anonymous_9)","decl":{"start":{"line":307,"column":26},"end":{"line":307,"column":31}},"loc":{"start":{"line":307,"column":31},"end":{"line":307,"column":51}},"line":307}},"branchMap":{"0":{"loc":{"start":{"line":24,"column":2},"end":{"line":24,"column":null}},"type":"default-arg","locations":[{"start":{"line":24,"column":17},"end":{"line":24,"column":null}}],"line":24},"1":{"loc":{"start":{"line":29,"column":2},"end":{"line":31,"column":null}},"type":"if","locations":[{"start":{"line":29,"column":2},"end":{"line":31,"column":null}},{"start":{},"end":{}}],"line":29},"2":{"loc":{"start":{"line":37,"column":2},"end":{"line":45,"column":null}},"type":"if","locations":[{"start":{"line":37,"column":2},"end":{"line":45,"column":null}},{"start":{},"end":{}}],"line":37},"3":{"loc":{"start":{"line":39,"column":12},"end":{"line":39,"column":null}},"type":"binary-expr","locations":[{"start":{"line":39,"column":12},"end":{"line":39,"column":20}},{"start":{"line":39,"column":20},"end":{"line":39,"column":null}}],"line":39},"4":{"loc":{"start":{"line":48,"column":2},"end":{"line":81,"column":null}},"type":"if","locations":[{"start":{"line":48,"column":2},"end":{"line":81,"column":null}},{"start":{},"end":{}}],"line":48},"5":{"loc":{"start":{"line":48,"column":6},"end":{"line":48,"column":52}},"type":"binary-expr","locations":[{"start":{"line":48,"column":6},"end":{"line":48,"column":30}},{"start":{"line":48,"column":30},"end":{"line":48,"column":52}}],"line":48},"6":{"loc":{"start":{"line":54,"column":22},"end":{"line":54,"column":null}},"type":"cond-expr","locations":[{"start":{"line":54,"column":29},"end":{"line":54,"column":48}},{"start":{"line":54,"column":48},"end":{"line":54,"column":null}}],"line":54},"7":{"loc":{"start":{"line":56,"column":6},"end":{"line":77,"column":null}},"type":"if","locations":[{"start":{"line":56,"column":6},"end":{"line":77,"column":null}},{"start":{"line":63,"column":6},"end":{"line":77,"column":null}}],"line":56},"8":{"loc":{"start":{"line":63,"column":6},"end":{"line":77,"column":null}},"type":"if","locations":[{"start":{"line":63,"column":6},"end":{"line":77,"column":null}},{"start":{"line":70,"column":13},"end":{"line":77,"column":null}}],"line":63},"9":{"loc":{"start":{"line":74,"column":8},"end":{"line":76,"column":null}},"type":"if","locations":[{"start":{"line":74,"column":8},"end":{"line":76,"column":null}},{"start":{},"end":{}}],"line":74},"10":{"loc":{"start":{"line":74,"column":12},"end":{"line":74,"column":58}},"type":"binary-expr","locations":[{"start":{"line":74,"column":12},"end":{"line":74,"column":36}},{"start":{"line":74,"column":36},"end":{"line":74,"column":58}}],"line":74},"11":{"loc":{"start":{"line":84,"column":2},"end":{"line":117,"column":null}},"type":"if","locations":[{"start":{"line":84,"column":2},"end":{"line":117,"column":null}},{"start":{},"end":{}}],"line":84},"12":{"loc":{"start":{"line":84,"column":6},"end":{"line":84,"column":50}},"type":"binary-expr","locations":[{"start":{"line":84,"column":6},"end":{"line":84,"column":29}},{"start":{"line":84,"column":29},"end":{"line":84,"column":50}}],"line":84},"13":{"loc":{"start":{"line":92,"column":6},"end":{"line":113,"column":null}},"type":"if","locations":[{"start":{"line":92,"column":6},"end":{"line":113,"column":null}},{"start":{"line":99,"column":6},"end":{"line":113,"column":null}}],"line":92},"14":{"loc":{"start":{"line":99,"column":6},"end":{"line":113,"column":null}},"type":"if","locations":[{"start":{"line":99,"column":6},"end":{"line":113,"column":null}},{"start":{"line":106,"column":13},"end":{"line":113,"column":null}}],"line":99},"15":{"loc":{"start":{"line":110,"column":8},"end":{"line":112,"column":null}},"type":"if","locations":[{"start":{"line":110,"column":8},"end":{"line":112,"column":null}},{"start":{},"end":{}}],"line":110},"16":{"loc":{"start":{"line":110,"column":12},"end":{"line":110,"column":60}},"type":"binary-expr","locations":[{"start":{"line":110,"column":12},"end":{"line":110,"column":37}},{"start":{"line":110,"column":37},"end":{"line":110,"column":60}}],"line":110},"17":{"loc":{"start":{"line":121,"column":10},"end":{"line":121,"column":null}},"type":"binary-expr","locations":[{"start":{"line":121,"column":10},"end":{"line":121,"column":18}},{"start":{"line":121,"column":18},"end":{"line":121,"column":null}}],"line":121},"18":{"loc":{"start":{"line":134,"column":2},"end":{"line":134,"column":null}},"type":"if","locations":[{"start":{"line":134,"column":2},"end":{"line":134,"column":null}},{"start":{},"end":{}}],"line":134},"19":{"loc":{"start":{"line":135,"column":2},"end":{"line":135,"column":null}},"type":"if","locations":[{"start":{"line":135,"column":2},"end":{"line":135,"column":null}},{"start":{},"end":{}}],"line":135},"20":{"loc":{"start":{"line":160,"column":6},"end":{"line":166,"column":null}},"type":"if","locations":[{"start":{"line":160,"column":6},"end":{"line":166,"column":null}},{"start":{},"end":{}}],"line":160},"21":{"loc":{"start":{"line":173,"column":6},"end":{"line":179,"column":null}},"type":"if","locations":[{"start":{"line":173,"column":6},"end":{"line":179,"column":null}},{"start":{},"end":{}}],"line":173},"22":{"loc":{"start":{"line":185,"column":4},"end":{"line":191,"column":null}},"type":"if","locations":[{"start":{"line":185,"column":4},"end":{"line":191,"column":null}},{"start":{},"end":{}}],"line":185},"23":{"loc":{"start":{"line":199,"column":4},"end":{"line":205,"column":null}},"type":"if","locations":[{"start":{"line":199,"column":4},"end":{"line":205,"column":null}},{"start":{},"end":{}}],"line":199},"24":{"loc":{"start":{"line":212,"column":4},"end":{"line":218,"column":null}},"type":"if","locations":[{"start":{"line":212,"column":4},"end":{"line":218,"column":null}},{"start":{},"end":{}}],"line":212},"25":{"loc":{"start":{"line":245,"column":6},"end":{"line":245,"column":null}},"type":"if","locations":[{"start":{"line":245,"column":6},"end":{"line":245,"column":null}},{"start":{},"end":{}}],"line":245},"26":{"loc":{"start":{"line":245,"column":10},"end":{"line":245,"column":32}},"type":"binary-expr","locations":[{"start":{"line":245,"column":10},"end":{"line":245,"column":22}},{"start":{"line":245,"column":22},"end":{"line":245,"column":32}}],"line":245},"27":{"loc":{"start":{"line":247,"column":6},"end":{"line":251,"column":null}},"type":"if","locations":[{"start":{"line":247,"column":6},"end":{"line":251,"column":null}},{"start":{"line":249,"column":13},"end":{"line":251,"column":null}}],"line":247},"28":{"loc":{"start":{"line":248,"column":22},"end":{"line":248,"column":45}},"type":"binary-expr","locations":[{"start":{"line":248,"column":22},"end":{"line":248,"column":40}},{"start":{"line":248,"column":40},"end":{"line":248,"column":45}}],"line":248},"29":{"loc":{"start":{"line":250,"column":30},"end":{"line":250,"column":47}},"type":"binary-expr","locations":[{"start":{"line":250,"column":30},"end":{"line":250,"column":44}},{"start":{"line":250,"column":44},"end":{"line":250,"column":47}}],"line":250},"30":{"loc":{"start":{"line":250,"column":47},"end":{"line":250,"column":66}},"type":"binary-expr","locations":[{"start":{"line":250,"column":47},"end":{"line":250,"column":65}},{"start":{"line":250,"column":65},"end":{"line":250,"column":66}}],"line":250},"31":{"loc":{"start":{"line":260,"column":9},"end":{"line":260,"column":25}},"type":"binary-expr","locations":[{"start":{"line":260,"column":9},"end":{"line":260,"column":18}},{"start":{"line":260,"column":18},"end":{"line":260,"column":25}}],"line":260},"32":{"loc":{"start":{"line":263,"column":4},"end":{"line":263,"column":null}},"type":"if","locations":[{"start":{"line":263,"column":4},"end":{"line":263,"column":null}},{"start":{},"end":{}}],"line":263},"33":{"loc":{"start":{"line":263,"column":8},"end":{"line":263,"column":30}},"type":"binary-expr","locations":[{"start":{"line":263,"column":8},"end":{"line":263,"column":20}},{"start":{"line":263,"column":20},"end":{"line":263,"column":30}}],"line":263},"34":{"loc":{"start":{"line":265,"column":4},"end":{"line":273,"column":null}},"type":"if","locations":[{"start":{"line":265,"column":4},"end":{"line":273,"column":null}},{"start":{"line":269,"column":4},"end":{"line":273,"column":null}}],"line":265},"35":{"loc":{"start":{"line":269,"column":4},"end":{"line":273,"column":null}},"type":"if","locations":[{"start":{"line":269,"column":4},"end":{"line":273,"column":null}},{"start":{"line":271,"column":11},"end":{"line":273,"column":null}}],"line":269},"36":{"loc":{"start":{"line":269,"column":16},"end":{"line":269,"column":36}},"type":"binary-expr","locations":[{"start":{"line":269,"column":16},"end":{"line":269,"column":30}},{"start":{"line":269,"column":30},"end":{"line":269,"column":36}}],"line":269},"37":{"loc":{"start":{"line":269,"column":36},"end":{"line":269,"column":58}},"type":"binary-expr","locations":[{"start":{"line":269,"column":36},"end":{"line":269,"column":54}},{"start":{"line":269,"column":54},"end":{"line":269,"column":58}}],"line":269},"38":{"loc":{"start":{"line":283,"column":2},"end":{"line":292,"column":null}},"type":"switch","locations":[{"start":{"line":284,"column":4},"end":{"line":285,"column":null}},{"start":{"line":286,"column":4},"end":{"line":287,"column":null}},{"start":{"line":288,"column":4},"end":{"line":289,"column":null}},{"start":{"line":290,"column":4},"end":{"line":291,"column":null}}],"line":283}},"s":{"0":51,"1":51,"2":20,"3":31,"4":31,"5":31,"6":3,"7":3,"8":28,"9":13,"10":13,"11":13,"12":13,"13":20,"14":20,"15":2,"16":18,"17":2,"18":16,"19":16,"20":16,"21":16,"22":13,"23":15,"24":8,"25":8,"26":8,"27":8,"28":8,"29":17,"30":17,"31":2,"32":15,"33":1,"34":14,"35":14,"36":14,"37":14,"38":8,"39":7,"40":51,"41":62,"42":1,"43":61,"44":17,"45":44,"46":4,"47":4,"48":4,"49":4,"50":4,"51":4,"52":4,"53":4,"54":7,"55":7,"56":0,"57":0,"58":0,"59":0,"60":7,"61":0,"62":0,"63":0,"64":0,"65":7,"66":7,"67":7,"68":7,"69":7,"70":4,"71":2,"72":2,"73":2,"74":2,"75":4,"76":2,"77":2,"78":2,"79":2,"80":4,"81":4,"82":4,"83":4,"84":13,"85":4,"86":4,"87":9,"88":9,"89":20,"90":20,"91":20,"92":0,"93":20,"94":7,"95":13,"96":4,"97":4,"98":4,"99":4,"100":11,"101":11,"102":11,"103":0,"104":11,"105":7,"106":7,"107":7,"108":4,"109":2,"110":2,"111":4,"112":4,"113":1,"114":1,"115":1,"116":1,"117":6,"118":11,"119":11,"120":11},"f":{"0":51,"1":62,"2":4,"3":4,"4":13,"5":4,"6":6,"7":11,"8":11,"9":11},"b":{"0":[51],"1":[20,31],"2":[3,28],"3":[3,3],"4":[13,15],"5":[28,13],"6":[8,12],"7":[2,18],"8":[2,16],"9":[16,0],"10":[16,16],"11":[8,7],"12":[15,8],"13":[2,15],"14":[1,14],"15":[14,0],"16":[14,14],"17":[7,0],"18":[1,61],"19":[17,44],"20":[0,0],"21":[0,0],"22":[7,0],"23":[2,0],"24":[2,0],"25":[0,20],"26":[20,20],"27":[7,13],"28":[7,0],"29":[13,0],"30":[13,0],"31":[4,11],"32":[0,11],"33":[11,11],"34":[7,4],"35":[2,2],"36":[4,0],"37":[4,0],"38":[1,1,1,1]},"meta":{"lastBranch":39,"lastFunction":10,"lastStatement":121,"seen":{"f:21:16:21:Infinity":0,"b:24:17:24:Infinity":0,"s:26:29:26:Infinity":0,"b:29:2:31:Infinity:undefined:undefined:undefined:undefined":1,"s:29:2:31:Infinity":1,"s:30:4:30:Infinity":2,"s:34:18:34:Infinity":3,"s:35:18:35:Infinity":4,"b:37:2:45:Infinity:undefined:undefined:undefined:undefined":2,"s:37:2:45:Infinity":5,"s:38:4:43:Infinity":6,"b:39:12:39:20:39:20:39:Infinity":3,"s:44:4:44:Infinity":7,"b:48:2:81:Infinity:undefined:undefined:undefined:undefined":4,"s:48:2:81:Infinity":8,"b:48:6:48:30:48:30:48:52":5,"s:49:19:49:Infinity":9,"s:50:19:50:Infinity":10,"s:51:20:51:Infinity":11,"s:53:4:78:Infinity":12,"s:54:22:54:Infinity":13,"b:54:29:54:48:54:48:54:Infinity":6,"b:56:6:77:Infinity:63:6:77:Infinity":7,"s:56:6:77:Infinity":14,"s:58:8:62:Infinity":15,"b:63:6:77:Infinity:70:13:77:Infinity":8,"s:63:6:77:Infinity":16,"s:65:8:69:Infinity":17,"s:72:23:72:Infinity":18,"s:73:23:73:Infinity":19,"b:74:8:76:Infinity:undefined:undefined:undefined:undefined":9,"s:74:8:76:Infinity":20,"b:74:12:74:36:74:36:74:58":10,"s:75:10:75:Infinity":21,"s:80:4:80:Infinity":22,"b:84:2:117:Infinity:undefined:undefined:undefined:undefined":11,"s:84:2:117:Infinity":23,"b:84:6:84:29:84:29:84:50":12,"s:85:19:85:Infinity":24,"s:86:19:86:Infinity":25,"s:87:19:87:Infinity":26,"s:89:4:114:Infinity":27,"s:89:17:89:20":28,"s:90:24:90:Infinity":29,"b:92:6:113:Infinity:99:6:113:Infinity":13,"s:92:6:113:Infinity":30,"s:94:8:98:Infinity":31,"b:99:6:113:Infinity:106:13:113:Infinity":14,"s:99:6:113:Infinity":32,"s:101:8:105:Infinity":33,"s:108:24:108:Infinity":34,"s:109:24:109:Infinity":35,"b:110:8:112:Infinity:undefined:undefined:undefined:undefined":15,"s:110:8:112:Infinity":36,"b:110:12:110:37:110:37:110:60":16,"s:111:10:111:Infinity":37,"s:116:4:116:Infinity":38,"s:120:2:125:Infinity":39,"b:121:10:121:18:121:18:121:Infinity":17,"s:127:2:127:Infinity":40,"f:133:9:133:17":1,"b:134:2:134:Infinity:undefined:undefined:undefined:undefined":18,"s:134:2:134:Infinity":41,"s:134:22:134:Infinity":42,"b:135:2:135:Infinity:undefined:undefined:undefined:undefined":19,"s:135:2:135:Infinity":43,"s:135:28:135:Infinity":44,"s:136:2:136:Infinity":45,"f:142:16:142:26":2,"s:143:19:143:Infinity":46,"s:144:19:144:Infinity":47,"s:145:29:145:Infinity":48,"s:148:14:148:Infinity":49,"s:150:15:150:Infinity":50,"s:151:15:151:Infinity":51,"s:152:16:152:Infinity":52,"s:154:2:194:Infinity":53,"s:155:35:155:Infinity":54,"s:158:4:168:Infinity":55,"s:159:19:159:Infinity":56,"b:160:6:166:Infinity:undefined:undefined:undefined:undefined":20,"s:160:6:166:Infinity":57,"s:161:8:165:Infinity":58,"s:167:6:167:Infinity":59,"s:171:4:181:Infinity":60,"s:172:19:172:Infinity":61,"b:173:6:179:Infinity:undefined:undefined:undefined:undefined":21,"s:173:6:179:Infinity":62,"s:174:8:178:Infinity":63,"s:180:6:180:Infinity":64,"s:184:26:184:Infinity":65,"b:185:4:191:Infinity:undefined:undefined:undefined:undefined":22,"s:185:4:191:Infinity":66,"s:186:6:190:Infinity":67,"s:192:4:192:Infinity":68,"s:193:4:193:Infinity":69,"s:197:2:207:Infinity":70,"s:198:17:198:Infinity":71,"b:199:4:205:Infinity:undefined:undefined:undefined:undefined":23,"s:199:4:205:Infinity":72,"s:200:6:204:Infinity":73,"s:206:4:206:Infinity":74,"s:210:2:220:Infinity":75,"s:211:17:211:Infinity":76,"b:212:4:218:Infinity:undefined:undefined:undefined:undefined":24,"s:212:4:218:Infinity":77,"s:213:6:217:Infinity":78,"s:219:4:219:Infinity":79,"s:222:2:222:Infinity":80,"f:228:9:228:Infinity":3,"s:232:12:232:Infinity":81,"s:233:12:233:Infinity":82,"s:236:25:238:Infinity":83,"f:238:9:238:15":4,"s:238:15:238:47":84,"s:241:2:253:Infinity":85,"s:241:15:241:18":86,"s:242:4:252:Infinity":87,"s:242:17:242:20":88,"s:243:22:243:Infinity":89,"s:244:22:244:Infinity":90,"b:245:6:245:Infinity:undefined:undefined:undefined:undefined":25,"s:245:6:245:Infinity":91,"b:245:10:245:22:245:22:245:32":26,"s:245:32:245:Infinity":92,"b:247:6:251:Infinity:249:13:251:Infinity":27,"s:247:6:251:Infinity":93,"s:248:8:248:Infinity":94,"b:248:22:248:40:248:40:248:45":28,"s:250:8:250:Infinity":95,"b:250:30:250:44:250:44:250:47":29,"b:250:47:250:65:250:65:250:66":30,"s:256:42:256:Infinity":96,"s:257:10:257:Infinity":97,"s:258:10:258:Infinity":98,"s:260:2:274:Infinity":99,"b:260:9:260:18:260:18:260:25":31,"s:261:20:261:Infinity":100,"s:262:20:262:Infinity":101,"b:263:4:263:Infinity:undefined:undefined:undefined:undefined":32,"s:263:4:263:Infinity":102,"b:263:8:263:20:263:20:263:30":33,"s:263:30:263:Infinity":103,"b:265:4:273:Infinity:269:4:273:Infinity":34,"s:265:4:273:Infinity":104,"s:266:6:266:Infinity":105,"s:267:6:267:Infinity":106,"s:268:6:268:Infinity":107,"b:269:4:273:Infinity:271:11:273:Infinity":35,"s:269:4:273:Infinity":108,"b:269:16:269:30:269:30:269:36":36,"b:269:36:269:54:269:54:269:58":37,"s:270:6:270:Infinity":109,"s:272:6:272:Infinity":110,"s:276:2:276:Infinity":111,"f:282:16:282:32":5,"b:284:4:285:Infinity:286:4:287:Infinity:288:4:289:Infinity:290:4:291:Infinity":38,"s:283:2:292:Infinity":112,"s:285:6:285:Infinity":113,"s:287:6:287:Infinity":114,"s:289:6:289:Infinity":115,"s:291:6:291:Infinity":116,"f:298:16:298:31":6,"s:304:2:309:Infinity":117,"f:305:24:305:29":7,"s:305:29:305:47":118,"f:306:26:306:31":8,"s:306:31:306:51":119,"f:307:26:307:31":9,"s:307:31:307:51":120}}}
,"/Users/maykr/Developer/MISC/mayson-editor/src/lib/file/index.ts": {"path":"/Users/maykr/Developer/MISC/mayson-editor/src/lib/file/index.ts","statementMap":{"0":{"start":{"line":21,"column":66},"end":{"line":21,"column":null}},"1":{"start":{"line":23,"column":2},"end":{"line":53,"column":null}},"2":{"start":{"line":24,"column":18},"end":{"line":24,"column":null}},"3":{"start":{"line":25,"column":4},"end":{"line":25,"column":null}},"4":{"start":{"line":26,"column":4},"end":{"line":26,"column":null}},"5":{"start":{"line":27,"column":4},"end":{"line":27,"column":null}},"6":{"start":{"line":29,"column":4},"end":{"line":46,"column":null}},"7":{"start":{"line":30,"column":19},"end":{"line":30,"column":null}},"8":{"start":{"line":31,"column":6},"end":{"line":34,"column":null}},"9":{"start":{"line":32,"column":8},"end":{"line":32,"column":null}},"10":{"start":{"line":33,"column":8},"end":{"line":33,"column":null}},"11":{"start":{"line":36,"column":6},"end":{"line":45,"column":null}},"12":{"start":{"line":37,"column":24},"end":{"line":37,"column":null}},"13":{"start":{"line":38,"column":8},"end":{"line":42,"column":null}},"14":{"start":{"line":44,"column":8},"end":{"line":44,"column":null}},"15":{"start":{"line":48,"column":4},"end":{"line":50,"column":null}},"16":{"start":{"line":49,"column":6},"end":{"line":49,"column":null}},"17":{"start":{"line":52,"column":4},"end":{"line":52,"column":null}},"18":{"start":{"line":60,"column":48},"end":{"line":60,"column":null}},"19":{"start":{"line":62,"column":2},"end":{"line":96,"column":null}},"20":{"start":{"line":63,"column":18},"end":{"line":63,"column":null}},"21":{"start":{"line":64,"column":4},"end":{"line":64,"column":null}},"22":{"start":{"line":65,"column":4},"end":{"line":65,"column":null}},"23":{"start":{"line":66,"column":4},"end":{"line":66,"column":null}},"24":{"start":{"line":68,"column":4},"end":{"line":89,"column":null}},"25":{"start":{"line":69,"column":20},"end":{"line":69,"column":null}},"26":{"start":{"line":70,"column":6},"end":{"line":73,"column":null}},"27":{"start":{"line":71,"column":8},"end":{"line":71,"column":null}},"28":{"start":{"line":72,"column":8},"end":{"line":72,"column":null}},"29":{"start":{"line":75,"column":40},"end":{"line":75,"column":null}},"30":{"start":{"line":76,"column":6},"end":{"line":87,"column":null}},"31":{"start":{"line":77,"column":8},"end":{"line":86,"column":null}},"32":{"start":{"line":78,"column":26},"end":{"line":78,"column":null}},"33":{"start":{"line":79,"column":10},"end":{"line":83,"column":null}},"34":{"start":{"line":88,"column":6},"end":{"line":88,"column":null}},"35":{"start":{"line":91,"column":4},"end":{"line":93,"column":null}},"36":{"start":{"line":92,"column":6},"end":{"line":92,"column":null}},"37":{"start":{"line":95,"column":4},"end":{"line":95,"column":null}},"38":{"start":{"line":114,"column":46},"end":{"line":114,"column":null}},"39":{"start":{"line":117,"column":2},"end":{"line":141,"column":null}},"40":{"start":{"line":118,"column":4},"end":{"line":140,"column":null}},"41":{"start":{"line":119,"column":21},"end":{"line":127,"column":null}},"42":{"start":{"line":129,"column":23},"end":{"line":129,"column":null}},"43":{"start":{"line":130,"column":6},"end":{"line":130,"column":null}},"44":{"start":{"line":131,"column":6},"end":{"line":131,"column":null}},"45":{"start":{"line":133,"column":6},"end":{"line":133,"column":null}},"46":{"start":{"line":136,"column":6},"end":{"line":138,"column":null}},"47":{"start":{"line":137,"column":8},"end":{"line":137,"column":null}},"48":{"start":{"line":144,"column":2},"end":{"line":157,"column":null}},"49":{"start":{"line":145,"column":17},"end":{"line":145,"column":null}},"50":{"start":{"line":146,"column":16},"end":{"line":146,"column":null}},"51":{"start":{"line":147,"column":14},"end":{"line":147,"column":null}},"52":{"start":{"line":148,"column":4},"end":{"line":148,"column":null}},"53":{"start":{"line":149,"column":4},"end":{"line":149,"column":null}},"54":{"start":{"line":150,"column":4},"end":{"line":150,"column":null}},"55":{"start":{"line":151,"column":4},"end":{"line":151,"column":null}},"56":{"start":{"line":152,"column":4},"end":{"line":152,"column":null}},"57":{"start":{"line":153,"column":4},"end":{"line":153,"column":null}},"58":{"start":{"line":154,"column":4},"end":{"line":154,"column":null}},"59":{"start":{"line":156,"column":4},"end":{"line":156,"column":null}},"60":{"start":{"line":168,"column":19},"end":{"line":168,"column":null}},"61":{"start":{"line":169,"column":20},"end":{"line":169,"column":null}},"62":{"start":{"line":170,"column":22},"end":{"line":170,"column":null}},"63":{"start":{"line":172,"column":22},"end":{"line":172,"column":null}},"64":{"start":{"line":174,"column":2},"end":{"line":182,"column":null}},"65":{"start":{"line":197,"column":41},"end":{"line":197,"column":null}},"66":{"start":{"line":200,"column":2},"end":{"line":204,"column":null}},"67":{"start":{"line":201,"column":4},"end":{"line":201,"column":null}},"68":{"start":{"line":203,"column":4},"end":{"line":203,"column":null}},"69":{"start":{"line":207,"column":19},"end":{"line":207,"column":null}},"70":{"start":{"line":209,"column":21},"end":{"line":209,"column":null}},"71":{"start":{"line":210,"column":20},"end":{"line":210,"column":null}},"72":{"start":{"line":210,"column":37},"end":{"line":210,"column":57}},"73":{"start":{"line":212,"column":2},"end":{"line":257,"column":null}},"74":{"start":{"line":213,"column":21},"end":{"line":218,"column":null}},"75":{"start":{"line":220,"column":4},"end":{"line":220,"column":null}},"76":{"start":{"line":222,"column":4},"end":{"line":224,"column":null}},"77":{"start":{"line":223,"column":6},"end":{"line":223,"column":null}},"78":{"start":{"line":226,"column":20},"end":{"line":226,"column":null}},"79":{"start":{"line":229,"column":15},"end":{"line":229,"column":null}},"80":{"start":{"line":230,"column":31},"end":{"line":230,"column":null}},"81":{"start":{"line":231,"column":4},"end":{"line":244,"column":null}},"82":{"start":{"line":232,"column":20},"end":{"line":232,"column":null}},"83":{"start":{"line":233,"column":6},"end":{"line":235,"column":null}},"84":{"start":{"line":234,"column":8},"end":{"line":234,"column":null}},"85":{"start":{"line":238,"column":22},"end":{"line":238,"column":null}},"86":{"start":{"line":239,"column":23},"end":{"line":239,"column":null}},"87":{"start":{"line":240,"column":26},"end":{"line":240,"column":null}},"88":{"start":{"line":241,"column":6},"end":{"line":243,"column":null}},"89":{"start":{"line":242,"column":8},"end":{"line":242,"column":null}},"90":{"start":{"line":246,"column":4},"end":{"line":246,"column":null}},"91":{"start":{"line":248,"column":4},"end":{"line":248,"column":null}},"92":{"start":{"line":250,"column":4},"end":{"line":255,"column":null}},"93":{"start":{"line":251,"column":6},"end":{"line":253,"column":null}},"94":{"start":{"line":252,"column":8},"end":{"line":252,"column":null}},"95":{"start":{"line":254,"column":6},"end":{"line":254,"column":null}},"96":{"start":{"line":256,"column":4},"end":{"line":256,"column":null}},"97":{"start":{"line":264,"column":2},"end":{"line":269,"column":null}},"98":{"start":{"line":265,"column":17},"end":{"line":265,"column":null}},"99":{"start":{"line":266,"column":4},"end":{"line":266,"column":null}},"100":{"start":{"line":268,"column":4},"end":{"line":268,"column":null}},"101":{"start":{"line":276,"column":2},"end":{"line":294,"column":null}},"102":{"start":{"line":277,"column":4},"end":{"line":277,"column":null}},"103":{"start":{"line":278,"column":4},"end":{"line":278,"column":null}},"104":{"start":{"line":281,"column":4},"end":{"line":293,"column":null}},"105":{"start":{"line":282,"column":23},"end":{"line":282,"column":null}},"106":{"start":{"line":283,"column":6},"end":{"line":283,"column":null}},"107":{"start":{"line":284,"column":6},"end":{"line":284,"column":null}},"108":{"start":{"line":285,"column":6},"end":{"line":285,"column":null}},"109":{"start":{"line":286,"column":6},"end":{"line":286,"column":null}},"110":{"start":{"line":287,"column":6},"end":{"line":287,"column":null}},"111":{"start":{"line":288,"column":6},"end":{"line":288,"column":null}},"112":{"start":{"line":289,"column":6},"end":{"line":289,"column":null}},"113":{"start":{"line":290,"column":6},"end":{"line":290,"column":null}},"114":{"start":{"line":292,"column":6},"end":{"line":292,"column":null}},"115":{"start":{"line":301,"column":2},"end":{"line":301,"column":null}},"116":{"start":{"line":301,"column":19},"end":{"line":301,"column":null}},"117":{"start":{"line":302,"column":12},"end":{"line":302,"column":null}},"118":{"start":{"line":303,"column":16},"end":{"line":303,"column":null}},"119":{"start":{"line":304,"column":12},"end":{"line":304,"column":null}},"120":{"start":{"line":305,"column":2},"end":{"line":305,"column":null}},"121":{"start":{"line":312,"column":18},"end":{"line":312,"column":null}},"122":{"start":{"line":313,"column":2},"end":{"line":315,"column":null}},"123":{"start":{"line":325,"column":2},"end":{"line":325,"column":null}},"124":{"start":{"line":327,"column":16},"end":{"line":327,"column":null}},"125":{"start":{"line":328,"column":2},"end":{"line":330,"column":null}},"126":{"start":{"line":329,"column":4},"end":{"line":329,"column":null}},"127":{"start":{"line":332,"column":36},"end":{"line":332,"column":null}},"128":{"start":{"line":333,"column":2},"end":{"line":344,"column":null}},"129":{"start":{"line":334,"column":4},"end":{"line":343,"column":null}},"130":{"start":{"line":335,"column":22},"end":{"line":335,"column":null}},"131":{"start":{"line":336,"column":6},"end":{"line":340,"column":null}},"132":{"start":{"line":346,"column":2},"end":{"line":346,"column":null}}},"fnMap":{"0":{"name":"openFile","decl":{"start":{"line":20,"column":22},"end":{"line":20,"column":31}},"loc":{"start":{"line":20,"column":94},"end":{"line":54,"column":null}},"line":20},"1":{"name":"(anonymous_1)","decl":{"start":{"line":23,"column":21},"end":{"line":23,"column":22}},"loc":{"start":{"line":23,"column":34},"end":{"line":53,"column":3}},"line":23},"2":{"name":"(anonymous_2)","decl":{"start":{"line":29,"column":21},"end":{"line":29,"column":33}},"loc":{"start":{"line":29,"column":33},"end":{"line":46,"column":null}},"line":29},"3":{"name":"(anonymous_3)","decl":{"start":{"line":48,"column":21},"end":{"line":48,"column":27}},"loc":{"start":{"line":48,"column":27},"end":{"line":50,"column":null}},"line":48},"4":{"name":"openFiles","decl":{"start":{"line":59,"column":22},"end":{"line":59,"column":32}},"loc":{"start":{"line":59,"column":108},"end":{"line":97,"column":null}},"line":59},"5":{"name":"(anonymous_5)","decl":{"start":{"line":62,"column":21},"end":{"line":62,"column":22}},"loc":{"start":{"line":62,"column":34},"end":{"line":96,"column":3}},"line":62},"6":{"name":"(anonymous_6)","decl":{"start":{"line":68,"column":21},"end":{"line":68,"column":33}},"loc":{"start":{"line":68,"column":33},"end":{"line":89,"column":null}},"line":68},"7":{"name":"(anonymous_7)","decl":{"start":{"line":91,"column":21},"end":{"line":91,"column":27}},"loc":{"start":{"line":91,"column":27},"end":{"line":93,"column":null}},"line":91},"8":{"name":"saveFile","decl":{"start":{"line":110,"column":22},"end":{"line":110,"column":null}},"loc":{"start":{"line":113,"column":48},"end":{"line":158,"column":null}},"line":113},"9":{"name":"saveFileAs","decl":{"start":{"line":163,"column":22},"end":{"line":163,"column":null}},"loc":{"start":{"line":167,"column":48},"end":{"line":183,"column":null}},"line":167},"10":{"name":"fetchFromUrl","decl":{"start":{"line":193,"column":22},"end":{"line":193,"column":null}},"loc":{"start":{"line":196,"column":66},"end":{"line":258,"column":null}},"line":196},"11":{"name":"(anonymous_11)","decl":{"start":{"line":210,"column":31},"end":{"line":210,"column":37}},"loc":{"start":{"line":210,"column":37},"end":{"line":210,"column":57}},"line":210},"12":{"name":"readFromClipboard","decl":{"start":{"line":263,"column":22},"end":{"line":263,"column":66}},"loc":{"start":{"line":263,"column":66},"end":{"line":270,"column":null}},"line":263},"13":{"name":"writeToClipboard","decl":{"start":{"line":275,"column":22},"end":{"line":275,"column":39}},"loc":{"start":{"line":275,"column":74},"end":{"line":295,"column":null}},"line":275},"14":{"name":"formatFileSize","decl":{"start":{"line":300,"column":16},"end":{"line":300,"column":31}},"loc":{"start":{"line":300,"column":54},"end":{"line":306,"column":null}},"line":300},"15":{"name":"looksLikeJson","decl":{"start":{"line":311,"column":16},"end":{"line":311,"column":30}},"loc":{"start":{"line":311,"column":56},"end":{"line":317,"column":null}},"line":311},"16":{"name":"handleFileDrop","decl":{"start":{"line":322,"column":22},"end":{"line":322,"column":null}},"loc":{"start":{"line":324,"column":29},"end":{"line":347,"column":null}},"line":324}},"branchMap":{"0":{"loc":{"start":{"line":20,"column":31},"end":{"line":20,"column":94}},"type":"default-arg","locations":[{"start":{"line":20,"column":58},"end":{"line":20,"column":94}}],"line":20},"1":{"loc":{"start":{"line":21,"column":10},"end":{"line":21,"column":45}},"type":"default-arg","locations":[{"start":{"line":21,"column":19},"end":{"line":21,"column":45}}],"line":21},"2":{"loc":{"start":{"line":21,"column":45},"end":{"line":21,"column":62}},"type":"default-arg","locations":[{"start":{"line":21,"column":56},"end":{"line":21,"column":62}}],"line":21},"3":{"loc":{"start":{"line":31,"column":6},"end":{"line":34,"column":null}},"type":"if","locations":[{"start":{"line":31,"column":6},"end":{"line":34,"column":null}},{"start":{},"end":{}}],"line":31},"4":{"loc":{"start":{"line":59,"column":32},"end":{"line":59,"column":108}},"type":"default-arg","locations":[{"start":{"line":59,"column":77},"end":{"line":59,"column":108}}],"line":59},"5":{"loc":{"start":{"line":60,"column":10},"end":{"line":60,"column":44}},"type":"default-arg","locations":[{"start":{"line":60,"column":19},"end":{"line":60,"column":44}}],"line":60},"6":{"loc":{"start":{"line":70,"column":6},"end":{"line":73,"column":null}},"type":"if","locations":[{"start":{"line":70,"column":6},"end":{"line":73,"column":null}},{"start":{},"end":{}}],"line":70},"7":{"loc":{"start":{"line":70,"column":10},"end":{"line":70,"column":40}},"type":"binary-expr","locations":[{"start":{"line":70,"column":10},"end":{"line":70,"column":20}},{"start":{"line":70,"column":20},"end":{"line":70,"column":40}}],"line":70},"8":{"loc":{"start":{"line":112,"column":2},"end":{"line":112,"column":null}},"type":"default-arg","locations":[{"start":{"line":112,"column":29},"end":{"line":112,"column":null}}],"line":112},"9":{"loc":{"start":{"line":114,"column":10},"end":{"line":114,"column":42}},"type":"default-arg","locations":[{"start":{"line":114,"column":26},"end":{"line":114,"column":42}}],"line":114},"10":{"loc":{"start":{"line":117,"column":2},"end":{"line":141,"column":null}},"type":"if","locations":[{"start":{"line":117,"column":2},"end":{"line":141,"column":null}},{"start":{},"end":{}}],"line":117},"11":{"loc":{"start":{"line":121,"column":15},"end":{"line":126,"column":null}},"type":"binary-expr","locations":[{"start":{"line":121,"column":15},"end":{"line":121,"column":32}},{"start":{"line":121,"column":32},"end":{"line":126,"column":null}}],"line":121},"12":{"loc":{"start":{"line":136,"column":6},"end":{"line":138,"column":null}},"type":"if","locations":[{"start":{"line":136,"column":6},"end":{"line":138,"column":null}},{"start":{},"end":{}}],"line":136},"13":{"loc":{"start":{"line":136,"column":10},"end":{"line":136,"column":61}},"type":"binary-expr","locations":[{"start":{"line":136,"column":10},"end":{"line":136,"column":34}},{"start":{"line":136,"column":34},"end":{"line":136,"column":61}}],"line":136},"14":{"loc":{"start":{"line":168,"column":19},"end":{"line":168,"column":null}},"type":"cond-expr","locations":[{"start":{"line":168,"column":38},"end":{"line":168,"column":51}},{"start":{"line":168,"column":51},"end":{"line":168,"column":null}}],"line":168},"15":{"loc":{"start":{"line":169,"column":20},"end":{"line":169,"column":null}},"type":"cond-expr","locations":[{"start":{"line":169,"column":39},"end":{"line":169,"column":48}},{"start":{"line":169,"column":48},"end":{"line":169,"column":null}}],"line":169},"16":{"loc":{"start":{"line":170,"column":22},"end":{"line":170,"column":null}},"type":"cond-expr","locations":[{"start":{"line":170,"column":41},"end":{"line":170,"column":55}},{"start":{"line":170,"column":55},"end":{"line":170,"column":null}}],"line":170},"17":{"loc":{"start":{"line":172,"column":22},"end":{"line":172,"column":null}},"type":"binary-expr","locations":[{"start":{"line":172,"column":22},"end":{"line":172,"column":39}},{"start":{"line":172,"column":39},"end":{"line":172,"column":null}}],"line":172},"18":{"loc":{"start":{"line":195,"column":2},"end":{"line":195,"column":null}},"type":"default-arg","locations":[{"start":{"line":195,"column":29},"end":{"line":195,"column":null}}],"line":195},"19":{"loc":{"start":{"line":197,"column":10},"end":{"line":197,"column":27}},"type":"default-arg
[...]
"49":0,"50":0,"51":0,"52":0,"53":0,"54":0,"55":0,"56":0,"57":0,"58":0,"59":0,"60":0,"61":0,"62":0,"63":0,"64":0,"65":0,"66":0,"67":0,"68":0,"69":0,"70":0,"71":0,"72":0,"73":0,"74":0,"75":0,"76":0,"77":0,"78":0,"79":0,"80":0,"81":0,"82":0,"83":0,"84":0,"85":0,"86":0,"87":0,"88":0,"89":0,"90":0,"91":0,"92":0,"93":0,"94":0,"95":5,"96":2,"97":3,"98":3,"99":0,"100":3,"101":3,"102":0,"103":3,"104":3,"105":5,"106":5,"107":5,"108":5,"109":5,"110":6,"111":6,"112":6,"113":6,"114":6,"115":0,"116":0,"117":0,"118":0,"119":0,"120":0,"121":6,"122":2,"123":2,"124":4,"125":1,"126":0,"127":0,"128":0,"129":0,"130":0,"131":0,"132":0,"133":0,"134":0,"135":0,"136":0,"137":0,"138":0,"139":0,"140":0,"141":0,"142":0,"143":0,"144":0,"145":0,"146":0,"147":0,"148":0,"149":0,"150":0,"151":0,"152":0,"153":0,"154":0,"155":0,"156":0,"157":0,"158":0,"159":0,"160":0,"161":0,"162":0,"163":0,"164":0,"165":0,"166":0,"167":0,"168":0,"169":0,"170":0,"171":0,"172":0,"173":0,"174":3,"175":3,"176":3,"177":3,"178":3,"179":1},"f":{"0":41,"1":21,"2":4,"3":8,"4":14,"5":0,"6":5,"7":0,"8":3,"9":3},"b":{"0":[20,21],"1":[21,0],"2":[21,18],"3":[21,0],"4":[9,2,1,1,1,1,1,1,1,0,1,1,1],"5":[2,6],"6":[8,7],"7":[5,9],"8":[0,0],"9":[0,0],"10":[0,0],"11":[0,0],"12":[0,0],"13":[0,0],"14":[0,0],"15":[0,0],"16":[0,0],"17":[0,0],"18":[0,0],"19":[0,0],"20":[0,0],"21":[0,0],"22":[0,0],"23":[0,0],"24":[0,0],"25":[0,0],"26":[0,0],"27":[0,0],"28":[2,3],"29":[5,4],"30":[0,3],"31":[0,3],"32":[3,3],"33":[3,0],"34":[6,0],"35":[6,2],"36":[6,5],"37":[0,6],"38":[6,0],"39":[0,0],"40":[0,0],"41":[2,4],"42":[2,0],"43":[2,0],"44":[0,0],"45":[0,0],"46":[0,0],"47":[0,0],"48":[0,0],"49":[0,0],"50":[0,0],"51":[0,0],"52":[0,0],"53":[0,0],"54":[0,0],"55":[0,0],"56":[0,0],"57":[0,0],"58":[0,0],"59":[0,0],"60":[0,0],"61":[0,0],"62":[0,0],"63":[0,0],"64":[0,0],"65":[0,0,0,0,0,0,0,0],"66":[0,0],"67":[0,0],"68":[0,0],"69":[0,0],"70":[0,0],"71":[1,0]},"meta":{"lastBranch":72,"lastFunction":10,"lastStatement":180,"seen":{"s:5:12:9:Infinity":0,"f:14:16:14:Infinity":0,"s:18:19:18:Infinity":1,"s:19:16:19:Infinity":2,"b:21:2:23:Infinity:undefined:undefined:undefined:undefined":0,"s:21:2:23:Infinity":3,"s:22:4:22:Infinity":4,"s:25:2:25:Infinity":5,"b:25:10:25:29:25:29:25:33":1,"f:31:9:31:32":1,"s:32:15:32:Infinity":6,"b:32:15:32:37:32:37:32:Infinity":2,"s:33:21:33:Infinity":7,"s:36:16:36:Infinity":8,"b:36:16:36:33:36:33:36:Infinity":3,"b:39:4:41:Infinity:42:4:44:Infinity:45:4:47:Infinity:48:4:50:Infinity:51:4:53:Infinity:54:4:56:Infinity:57:4:59:Infinity:60:4:62:Infinity:63:4:65:Infinity:66:4:68:Infinity:69:4:71:Infinity:72:4:74:Infinity:75:4:77:Infinity":4,"s:38:2:78:Infinity":9,"s:40:6:40:Infinity":10,"s:41:6:41:Infinity":11,"s:43:6:43:Infinity":12,"s:44:6:44:Infinity":13,"s:46:6:46:Infinity":14,"s:47:6:47:Infinity":15,"s:49:6:49:Infinity":16,"s:50:6:50:Infinity":17,"s:52:6:52:Infinity":18,"s:53:6:53:Infinity":19,"s:55:6:55:Infinity":20,"s:56:6:56:Infinity":21,"s:58:6:58:Infinity":22,"s:59:6:59:Infinity":23,"s:61:6:61:Infinity":24,"s:62:6:62:Infinity":25,"s:64:6:64:Infinity":26,"s:65:6:65:Infinity":27,"s:67:6:67:Infinity":28,"s:68:6:68:Infinity":29,"s:70:6:70:Infinity":30,"s:71:6:71:Infinity":31,"s:73:6:73:Infinity":32,"s:74:6:74:Infinity":33,"s:76:6:76:Infinity":34,"s:77:6:77:Infinity":35,"s:80:2:86:Infinity":36,"f:92:16:92:30":2,"s:93:2:98:Infinity":37,"s:94:4:94:Infinity":38,"s:95:4:95:Infinity":39,"s:97:4:97:Infinity":40,"f:104:16:104:27":3,"b:105:2:105:Infinity:undefined:undefined:undefined:undefined":5,"s:105:2:105:Infinity":41,"b:105:6:105:15:105:15:105:29":6,"s:105:29:105:Infinity":42,"s:107:2:118:Infinity":43,"f:110:9:110:20":4,"b:112:6:114:Infinity:undefined:undefined:undefined:undefined":7,"s:112:6:114:Infinity":44,"s:113:8:113:Infinity":45,"s:115:6:115:Infinity":46,"f:125:16:125:33":5,"b:126:2:126:Infinity:undefined:undefined:undefined:undefined":8,"s:126:2:126:Infinity":47,"b:126:6:126:15:126:15:126:29":9,"s:126:29:126:Infinity":48,"s:129:19:129:Infinity":49,"b:130:2:130:Infinity:undefined:undefined:undefined:undefined":10,"s:130:2:130:Infinity":50,"s:130:29:130:Infinity":51,"s:134:16:134:Infinity":52,"s:136:21:136:Infinity":53,"s:137:30:137:Infinity":54,"s:138:17:138:Infinity":55,"s:139:22:139:Infinity":56,"s:140:16:140:Infinity":57,"s:141:20:141:Infinity":58,"s:143:2:197:Infinity":59,"s:143:23:143:26":60,"s:144:17:144:Infinity":61,"b:144:17:144:37:144:37:144:Infinity":11,"s:145:20:145:Infinity":62,"s:147:4:196:Infinity":63,"s:147:17:147:20":64,"s:148:19:148:Infinity":65,"s:149:23:149:Infinity":66,"b:149:31:149:45:149:45:149:Infinity":12,"b:152:6:164:Infinity:undefined:undefined:undefined:undefined":13,"s:152:6:164:Infinity":67,"b:152:10:152:26:152:26:152:45":14,"b:153:8:161:Infinity:undefined:undefined:undefined:undefined":15,"s:153:8:161:Infinity":68,"s:155:29:155:Infinity":69,"b:156:10:159:Infinity:undefined:undefined:undefined:undefined":16,"s:156:10:159:Infinity":70,"s:157:12:157:Infinity":71,"s:158:12:158:Infinity":72,"s:160:10:160:Infinity":73,"s:162:8:162:Infinity":74,"s:163:8:163:Infinity":75,"b:166:6:169:Infinity:undefined:undefined:undefined:undefined":17,"s:166:6:169:Infinity":76,"s:167:8:167:Infinity":77,"s:168:8:168:Infinity":78,"b:172:6:189:Infinity:183:6:189:Infinity":18,"s:172:6:189:Infinity":79,"b:172:10:172:26:172:26:172:40":19,"b:174:8:180:Infinity:176:8:180:Infinity":20,"s:174:8:180:Infinity":80,"b:174:12:174:23:174:23:174:37":21,"s:175:10:175:Infinity":81,"b:176:8:180:Infinity:undefined:undefined:undefined:undefined":22,"s:176:8:180:Infinity":82,"b:177:10:179:Infinity:undefined:undefined:undefined:undefined":23,"s:177:10:179:Infinity":83,"s:178:12:178:Infinity":84,"s:181:8:181:Infinity":85,"s:182:8:182:Infinity":86,"b:183:6:189:Infinity:186:6:189:Infinity":24,"s:183:6:189:Infinity":87,"b:183:17:183:33:183:33:183:47":25,"s:184:8:184:Infinity":88,"s:185:8:185:Infinity":89,"b:186:6:189:Infinity:undefined:undefined:undefined:undefined":26,"s:186:6:189:Infinity":90,"s:192:26:192:Infinity":91,"b:193:6:195:Infinity:undefined:undefined:undefined:undefined":27,"s:193:6:195:Infinity":92,"s:194:8:194:Infinity":93,"s:199:2:199:Infinity":94,"f:206:16:206:29":6,"b:207:2:207:Infinity:undefined:undefined:undefined:undefined":28,"s:207:2:207:Infinity":95,"b:207:6:207:15:207:15:207:29":29,"s:207:29:207:Infinity":96,"s:210:19:210:Infinity":97,"b:211:2:211:Infinity:undefined:undefined:undefined:undefined":30,"s:211:2:211:Infinity":98,"s:211:29:211:Infinity":99,"s:213:20:213:Infinity":100,"b:216:2:218:Infinity:undefined:undefined:undefined:undefined":31,"s:216:2:218:Infinity":101,"b:216:6:216:19:216:19:216:44":32,"s:217:4:217:Infinity":102,"s:222:16:222:Infinity":103,"s:225:21:225:Infinity":104,"b:225:53:225:66:225:66:225:68":33,"s:228:14:228:Infinity":105,"s:229:25:229:Infinity":106,"s:230:22:230:Infinity":107,"s:232:2:263:Infinity":108,"s:232:23:232:26":109,"s:233:17:233:Infinity":110,"b:233:17:233:37:233:37:233:Infinity":34,"s:234:20:234:Infinity":111,"s:237:10:237:Infinity":112,"b:237:24:237:47:237:47:237:51":35,"s:238:10:238:Infinity":113,"b:238:25:238:49:238:49:238:53":36,"b:241:4:251:Infinity:undefined:undefined:undefined:undefined":37,"s:241:4:251:Infinity":114,"b:241:8:241:26:241:26:241:53":38,"s:242:6:250:Infinity":115,"b:243:8:249:Infinity:undefined:undefined:undefined:undefined":39,"s:243:8:249:Infinity":116,"s:244:32:244:Infinity":117,"b:245:10:248:Infinity:undefined:undefined:undefined:undefined":40,"s:245:10:248:Infinity":118,"s:246:12:246:Infinity":119,"s:247:12:247:Infinity":120,"b:254:4:260:Infinity:undefined:undefined:undefined:undefined":41,"s:254:4:260:Infinity":121,"b:257:6:259:Infinity:undefined:undefined:undefined:undefined":42,"s:257:6:259:Infinity":122,"b:257:10:257:41:257:41:257:56":43,"s:258:8:258:Infinity":123,"s:262:4:262:Infinity":124,"s:265:2:265:Infinity":125,"f:271:9:271:28":7,"s:272:16:272:Infinity":126,"s:273:22:273:Infinity":127,"b:273:31:273:64:273:64:273:69":44,"s:274:20:274:Infinity":128,"b:274:42:274:74:274:74:274:Infinity":45,"s:276:22:276:Infinity":129,"s:277:23:277:Infinity":130,"s:278:14:278:Infinity":131,"s:279:19:279:Infinity":132,"s:281:2:347:Infinity":133,"s:281:23:281:26":134,"s:282:17:282:Infinity":135,"b:282:17:282:37:282:37:282:Infinity":46,"s:283:20:283:Infinity":136,"b:286:4:310:Infinity:303:4:310:Infinity":47,"s:286:4:310:Infinity":137,"b:286:8:286:21:286:21:286:37":48,"s:287:25:287:Infinity":138,"b:288:6:302:Infinity:undefined:undefined:undefined:undefined":49,"s:288:6:302:Infinity":139,"s:289:8:289:Infinity":140,"s:290:8:290:Infinity":141,"s:291:8:291:Infinity":142,"s:293:31:293:Infinity":143,"b:294:8:300:Infinity:undefined:undefined:undefined:undefined":50,"s:294:8:300:Infinity":144,"s:296:31:296:Infinity":145,"b:297:10:299:Infinity:undefined:undefined:undefined:undefined":51,"s:297:10:299:Infinity":146,"b:297:14:297:37:297:37:297:75":52,"b:298:12:298:Infinity:undefined:undefined:undefined:undefined":53,"s:298:12:298:Infinity":147,"s:298:35:298:Infinity":148,"s:301:8:301:Infinity":149,"b:303:4:310:Infinity:undefined:undefined:undefined:undefined":54,"s:303:4:310:Infinity":150,"b:305:6:309:Infinity:undefined:undefined:undefined:undefined":55,"s:305:6:309:Infinity":151,"b:305:10:305:41:305:41:305:54":56,"s:306:8:306:Infinity":152,"s:307:8:307:Infinity":153,"s:308:8:308:Infinity":154,"b:312:4:346:Infinity:340:11:346:Infinity":57,"s:312:4:346:Infinity":155,"s:314:6:322:Infinity":156,"b:315:8:315:Infinity:undefined:undefined:undefined:undefined":58,"s:315:8:315:Infinity":157,"b:315:12:315:28:315:28:315:42":59,"s:315:42:315:Infinity":158,"b:316:8:321:Infinity:undefined:undefined:undefined:undefined":60,"s:316:8:321:Infinity":159,"b:316:12:316:28:316:28:316:42":61,"s:317:10:317:Infinity":160,"b:318:10:320:Infinity:undefined:undefined:undefined:undefined":62,"s:318:10:320:Infinity":161,"b:318:14:318:37:318:37:318:51":63,"s:319:12:319:Infinity":162,"s:325:26:325:Infinity":163,"b:326:6:339:Infinity:undefined:undefined:undefined:undefined":64,"s:326:6:339:Infinity":164,"b:326:10:326:Infinity:327:8:327:Infinity:328:8:328:Infinity:329:8:329:Infinity:330:8:330:Infinity:331:8:331:Infinity:332:8:332:Infinity:333:8:333:Infinity":65,"b:335:8:337:Infinity:undefined:undefined:undefined:undefined":66,"s:335:8:337:Infinity":165,"s:336:10:336:Infinity":166,"s:338:8:338:Infinity":167,"s:342:6:345:Infinity":168,"b:343:8:343:Infinity:undefined:undefined:undefined:undefined":67,"s:343:8:343:Infinity":169,"b:343:12:343:28:343:28:343:42":68,"s:343:42:343:Infinity":170,"b:344:8:344:Infinity:undefined:undefined:undefined:undefined":69,"s:344:8:344:Infinity":171,"b:344:12:344:28:344:28:344:42":70,"s:344:42:344:Infinity":172,"s:349:2:349:Infinity":173,"f:355:9:355:21":8,"s:356:2:356:Infinity":174,"f:362:16:362:Infinity":9,"s:366:2:372:Infinity":175,"s:367:17:367:Infinity":176,"s:368:19:368:Infinity":177,"s:369:4:369:Infinity":178,"s:371:4:371:Infinity":179,"b:371:46:371:58:371:58:371:73":71}}}
,"/Users/maykr/Developer/MISC/mayson-editor/src/lib/storage/index.ts": {"path":"/Users/maykr/Developer/MISC/mayson-editor/src/lib/storage/index.ts","statementMap":{},"fnMap":{},"branchMap":{},"s":{},"f":{},"b":{},"meta":{"lastBranch":0,"lastFunction":0,"lastStatement":0,"seen":{}}}
,"/Users/maykr/Developer/MISC/mayson-editor/src/lib/storage/persistence.ts": {"path":"/Users/maykr/Developer/MISC/mayson-editor/src/lib/storage/persistence.ts","statementMap":{"0":{"start":{"line":5,"column":25},"end":{"line":5,"column":null}},"1":{"start":{"line":6,"column":20},"end":{"line":6,"column":null}},"2":{"start":{"line":18,"column":2},"end":{"line":18,"column":null}},"3":{"start":{"line":25,"column":2},"end":{"line":25,"column":null}},"4":{"start":{"line":25,"column":36},"end":{"line":25,"column":53}},"5":{"start":{"line":32,"column":2},"end":{"line":32,"column":null}},"6":{"start":{"line":39,"column":2},"end":{"line":39,"column":null}},"7":{"start":{"line":46,"column":18},"end":{"line":46,"column":null}},"8":{"start":{"line":47,"column":18},"end":{"line":49,"column":null}},"9":{"start":{"line":48,"column":28},"end":{"line":48,"column":null}},"10":{"start":{"line":51,"column":15},"end":{"line":56,"column":null}},"11":{"start":{"line":53,"column":18},"end":{"line":53,"column":null}},"12":{"start":{"line":54,"column":6},"end":{"line":54,"column":null}},"13":{"start":{"line":58,"column":2},"end":{"line":58,"column":null}},"14":{"start":{"line":58,"column":47},"end":{"line":58,"column":64}},"15":{"start":{"line":65,"column":2},"end":{"line":65,"column":null}},"16":{"start":{"line":72,"column":2},"end":{"line":72,"column":null}},"17":{"start":{"line":79,"column":18},"end":{"line":79,"column":null}},"18":{"start":{"line":80,"column":2},"end":{"line":80,"column":null}},"19":{"start":{"line":80,"column":32},"end":{"line":80,"column":47}},"20":{"start":{"line":87,"column":56},"end":{"line":87,"column":null}},"21":{"start":{"line":89,"column":2},"end":{"line":101,"column":null}},"22":{"start":{"line":90,"column":4},"end":{"line":92,"column":null}},"23":{"start":{"line":91,"column":6},"end":{"line":91,"column":null}},"24":{"start":{"line":94,"column":4},"end":{"line":100,"column":null}},"25":{"start":{"line":95,"column":6},"end":{"line":99,"column":null}},"26":{"start":{"line":96,"column":8},"end":{"line":96,"column":null}},"27":{"start":{"line":98,"column":8},"end":{"line":98,"column":null}}},"fnMap":{"0":{"name":"saveDocument","decl":{"start":{"line":17,"column":22},"end":{"line":17,"column":35}},"loc":{"start":{"line":17,"column":65},"end":{"line":19,"column":null}},"line":17},"1":{"name":"saveDocuments","decl":{"start":{"line":24,"column":22},"end":{"line":24,"column":36}},"loc":{"start":{"line":24,"column":69},"end":{"line":26,"column":null}},"line":24},"2":{"name":"(anonymous_2)","decl":{"start":{"line":25,"column":29},"end":{"line":25,"column":36}},"loc":{"start":{"line":25,"column":36},"end":{"line":25,"column":53}},"line":25},"3":{"name":"loadDocument","decl":{"start":{"line":31,"column":22},"end":{"line":31,"column":35}},"loc":{"start":{"line":31,"column":78},"end":{"line":33,"column":null}},"line":31},"4":{"name":"deleteDocument","decl":{"start":{"line":38,"column":22},"end":{"line":38,"column":37}},"loc":{"start":{"line":38,"column":64},"end":{"line":40,"column":null}},"line":38},"5":{"name":"loadAllDocuments","decl":{"start":{"line":45,"column":22},"end":{"line":45,"column":62}},"loc":{"start":{"line":45,"column":62},"end":{"line":59,"column":null}},"line":45},"6":{"name":"(anonymous_6)","decl":{"start":{"line":48,"column":4},"end":{"line":48,"column":5}},"loc":{"start":{"line":48,"column":28},"end":{"line":48,"column":null}},"line":48},"7":{"name":"(anonymous_7)","decl":{"start":{"line":52,"column":16},"end":{"line":52,"column":22}},"loc":{"start":{"line":52,"column":29},"end":{"line":55,"column":5}},"line":52},"8":{"name":"(anonymous_8)","decl":{"start":{"line":58,"column":21},"end":{"line":58,"column":22}},"loc":{"start":{"line":58,"column":47},"end":{"line":58,"column":64}},"line":58},"9":{"name":"saveSession","decl":{"start":{"line":64,"column":22},"end":{"line":64,"column":34}},"loc":{"start":{"line":64,"column":68},"end":{"line":66,"column":null}},"line":64},"10":{"name":"loadSession","decl":{"start":{"line":71,"column":22},"end":{"line":71,"column":70}},"loc":{"start":{"line":71,"column":70},"end":{"line":73,"column":null}},"line":71},"11":{"name":"clearAllData","decl":{"start":{"line":78,"column":22},"end":{"line":78,"column":52}},"loc":{"start":{"line":78,"column":52},"end":{"line":81,"column":null}},"line":78},"12":{"name":"(anonymous_12)","decl":{"start":{"line":80,"column":32},"end":{"line":80,"column":39}},"loc":{"start":{"line":80,"column":32},"end":{"line":80,"column":47}},"line":80},"13":{"name":"createDebouncedSave","decl":{"start":{"line":86,"column":16},"end":{"line":86,"column":36}},"loc":{"start":{"line":86,"column":58},"end":{"line":102,"column":null}},"line":86},"14":{"name":"(anonymous_14)","decl":{"start":{"line":89,"column":9},"end":{"line":89,"column":10}},"loc":{"start":{"line":89,"column":42},"end":{"line":101,"column":null}},"line":89},"15":{"name":"(anonymous_15)","decl":{"start":{"line":94,"column":27},"end":{"line":94,"column":39}},"loc":{"start":{"line":94,"column":39},"end":{"line":100,"column":7}},"line":94}},"branchMap":{"0":{"loc":{"start":{"line":48,"column":28},"end":{"line":48,"column":null}},"type":"binary-expr","locations":[{"start":{"line":48,"column":28},"end":{"line":48,"column":55}},{"start":{"line":48,"column":55},"end":{"line":48,"column":null}}],"line":48},"1":{"loc":{"start":{"line":86,"column":36},"end":{"line":86,"column":58}},"type":"default-arg","locations":[{"start":{"line":86,"column":52},"end":{"line":86,"column":58}}],"line":86},"2":{"loc":{"start":{"line":90,"column":4},"end":{"line":92,"column":null}},"type":"if","locations":[{"start":{"line":90,"column":4},"end":{"line":92,"column":null}},{"start":{},"end":{}}],"line":90}},"s":{"0":0,"1":0,"2":0,"3":0,"4":0,"5":0,"6":0,"7":0,"8":0,"9":0,"10":0,"11":0,"12":0,"13":0,"14":0,"15":0,"16":0,"17":0,"18":0,"19":0,"20":0,"21":0,"22":0,"23":0,"24":0,"25":0,"26":0,"27":0},"f":{"0":0,"1":0,"2":0,"3":0,"4":0,"5":0,"6":0,"7":0,"8":0,"9":0,"10":0,"11":0,"12":0,"13":0,"14":0,"15":0},"b":{"0":[0,0],"1":[0],"2":[0,0]},"meta":{"lastBranch":3,"lastFunction":16,"lastStatement":28,"seen":{"s:5:25:5:Infinity":0,"s:6:20:6:Infinity":1,"f:17:22:17:35":0,"s:18:2:18:Infinity":2,"f:24:22:24:36":1,"s:25:2:25:Infinity":3,"f:25:29:25:36":2,"s:25:36:25:53":4,"f:31:22:31:35":3,"s:32:2:32:Infinity":5,"f:38:22:38:37":4,"s:39:2:39:Infinity":6,"f:45:22:45:62":5,"s:46:18:46:Infinity":7,"s:47:18:49:Infinity":8,"f:48:4:48:5":6,"s:48:28:48:Infinity":9,"b:48:28:48:55:48:55:48:Infinity":0,"s:51:15:56:Infinity":10,"f:52:16:52:22":7,"s:53:18:53:Infinity":11,"s:54:6:54:Infinity":12,"s:58:2:58:Infinity":13,"f:58:21:58:22":8,"s:58:47:58:64":14,"f:64:22:64:34":9,"s:65:2:65:Infinity":15,"f:71:22:71:70":10,"s:72:2:72:Infinity":16,"f:78:22:78:52":11,"s:79:18:79:Infinity":17,"s:80:2:80:Infinity":18,"f:80:32:80:39":12,"s:80:32:80:47":19,"f:86:16:86:36":13,"b:86:52:86:58":1,"s:87:56:87:Infinity":20,"s:89:2:101:Infinity":21,"f:89:9:89:10":14,"b:90:4:92:Infinity:undefined:undefined:undefined:undefined":2,"s:90:4:92:Infinity":22,"s:91:6:91:Infinity":23,"s:94:4:100:Infinity":24,"f:94:27:94:39":15,"s:95:6:99:Infinity":25,"s:96:8:96:Infinity":26,"s:98:8:98:Infinity":27}}}
,"/Users/maykr/Developer/MISC/mayson-editor/src/lib/utils/cn.ts": {"path":"/Users/maykr/Developer/MISC/mayson-editor/src/lib/utils/cn.ts","statementMap":{"0":{"start":{"line":9,"column":2},"end":{"line":9,"column":null}}},"fnMap":{"0":{"name":"cn","decl":{"start":{"line":8,"column":16},"end":{"line":8,"column":22}},"loc":{"start":{"line":8,"column":52},"end":{"line":10,"column":null}},"line":8}},"branchMap":{},"s":{"0":0},"f":{"0":0},"b":{},"meta":{"lastBranch":0,"lastFunction":1,"lastStatement":1,"seen":{"f:8:16:8:22":0,"s:9:2:9:Infinity":0}}}
,"/Users/maykr/Developer/MISC/mayson-editor/src/lib/utils/id.ts": {"path":"/Users/maykr/Developer/MISC/mayson-editor/src/lib/utils/id.ts","statementMap":{"0":{"start":{"line":5,"column":2},"end":{"line":5,"column":null}},"1":{"start":{"line":12,"column":2},"end":{"line":12,"column":null}}},"fnMap":{"0":{"name":"generateId","decl":{"start":{"line":4,"column":16},"end":{"line":4,"column":37}},"loc":{"start":{"line":4,"column":37},"end":{"line":6,"column":null}},"line":4},"1":{"name":"generateShortId","decl":{"start":{"line":11,"column":16},"end":{"line":11,"column":42}},"loc":{"start":{"line":11,"column":42},"end":{"line":13,"column":null}},"line":11}},"branchMap":{},"s":{"0":0,"1":0},"f":{"0":0,"1":0},"b":{},"meta":{"lastBranch":0,"lastFunction":2,"lastStatement":2,"seen":{"f:4:16:4:37":0,"s:5:2:5:Infinity":0,"f:11:16:11:42":1,"s:12:2:12:Infinity":1}}}
,"/Users/maykr/Developer/MISC/mayson-editor/src/lib/utils/index.ts": {"path":"/Users/maykr/Developer/MISC/mayson-editor/src/lib/utils/index.ts","statementMap":{},"fnMap":{},"branchMap":{},"s":{},"f":{},"b":{},"meta":{"lastBranch":0,"lastFunction":0,"lastStatement":0,"seen":{}}}
}
